{"/Users/ryox/Documents/GitHub/ryo-engineering-framework/src/commands/doctor.ts": {"path":"/Users/ryox/Documents/GitHub/ryo-engineering-framework/src/commands/doctor.ts","statementMap":{"0":{"start":{"line":6,"column":10},"end":{"line":6,"column":null}},"1":{"start":{"line":7,"column":18},"end":{"line":7,"column":null}},"2":{"start":{"line":8,"column":18},"end":{"line":8,"column":null}},"3":{"start":{"line":9,"column":4},"end":{"line":9,"column":null}},"4":{"start":{"line":14,"column":4},"end":{"line":14,"column":null}},"5":{"start":{"line":15,"column":4},"end":{"line":15,"column":null}},"6":{"start":{"line":16,"column":4},"end":{"line":16,"column":null}},"7":{"start":{"line":18,"column":4},"end":{"line":18,"column":null}},"8":{"start":{"line":19,"column":4},"end":{"line":19,"column":null}},"9":{"start":{"line":20,"column":4},"end":{"line":20,"column":null}},"10":{"start":{"line":21,"column":4},"end":{"line":21,"column":null}},"11":{"start":{"line":22,"column":4},"end":{"line":22,"column":null}},"12":{"start":{"line":24,"column":4},"end":{"line":24,"column":null}}},"fnMap":{"0":{"name":"checkDirectory","decl":{"start":{"line":5,"column":9},"end":{"line":5,"column":24}},"loc":{"start":{"line":5,"column":38},"end":{"line":10,"column":null}},"line":5},"1":{"name":"doctor","decl":{"start":{"line":12,"column":16},"end":{"line":12,"column":25}},"loc":{"start":{"line":12,"column":25},"end":{"line":25,"column":null}},"line":12}},"branchMap":{"0":{"loc":{"start":{"line":7,"column":18},"end":{"line":7,"column":null}},"type":"cond-expr","locations":[{"start":{"line":7,"column":27},"end":{"line":7,"column":43}},{"start":{"line":7,"column":43},"end":{"line":7,"column":null}}],"line":7},"1":{"loc":{"start":{"line":8,"column":18},"end":{"line":8,"column":null}},"type":"cond-expr","locations":[{"start":{"line":8,"column":27},"end":{"line":8,"column":34}},{"start":{"line":8,"column":34},"end":{"line":8,"column":null}}],"line":8}},"s":{"0":5,"1":5,"2":5,"3":5,"4":1,"5":1,"6":1,"7":1,"8":1,"9":1,"10":1,"11":1,"12":1},"f":{"0":5,"1":1},"b":{"0":[5,0],"1":[5,0]},"meta":{"lastBranch":2,"lastFunction":2,"lastStatement":13,"seen":{"f:5:9:5:24":0,"s:6:10:6:Infinity":0,"s:7:18:7:Infinity":1,"b:7:27:7:43:7:43:7:Infinity":0,"s:8:18:8:Infinity":2,"b:8:27:8:34:8:34:8:Infinity":1,"s:9:4:9:Infinity":3,"f:12:16:12:25":1,"s:14:4:14:Infinity":4,"s:15:4:15:Infinity":5,"s:16:4:16:Infinity":6,"s:18:4:18:Infinity":7,"s:19:4:19:Infinity":8,"s:20:4:20:Infinity":9,"s:21:4:21:Infinity":10,"s:22:4:22:Infinity":11,"s:24:4:24:Infinity":12},"fnNames":{}}}
,"/Users/ryox/Documents/GitHub/ryo-engineering-framework/src/commands/export.ts": {"path":"/Users/ryox/Documents/GitHub/ryo-engineering-framework/src/commands/export.ts","statementMap":{"0":{"start":{"line":12,"column":18},"end":{"line":15,"column":null}},"1":{"start":{"line":17,"column":41},"end":{"line":17,"column":null}},"2":{"start":{"line":19,"column":4},"end":{"line":24,"column":null}},"3":{"start":{"line":20,"column":25},"end":{"line":20,"column":null}},"4":{"start":{"line":21,"column":8},"end":{"line":23,"column":null}},"5":{"start":{"line":22,"column":12},"end":{"line":22,"column":null}},"6":{"start":{"line":26,"column":4},"end":{"line":26,"column":null}},"7":{"start":{"line":30,"column":18},"end":{"line":33,"column":null}},"8":{"start":{"line":35,"column":41},"end":{"line":35,"column":null}},"9":{"start":{"line":37,"column":4},"end":{"line":42,"column":null}},"10":{"start":{"line":38,"column":25},"end":{"line":38,"column":null}},"11":{"start":{"line":39,"column":8},"end":{"line":41,"column":null}},"12":{"start":{"line":40,"column":12},"end":{"line":40,"column":null}},"13":{"start":{"line":44,"column":4},"end":{"line":44,"column":null}},"14":{"start":{"line":49,"column":4},"end":{"line":52,"column":null}},"15":{"start":{"line":50,"column":8},"end":{"line":50,"column":null}},"16":{"start":{"line":51,"column":8},"end":{"line":51,"column":null}},"17":{"start":{"line":54,"column":10},"end":{"line":56,"column":null}},"18":{"start":{"line":55,"column":13},"end":{"line":55,"column":null}},"19":{"start":{"line":58,"column":4},"end":{"line":61,"column":null}},"20":{"start":{"line":59,"column":8},"end":{"line":59,"column":null}},"21":{"start":{"line":60,"column":8},"end":{"line":60,"column":null}},"22":{"start":{"line":63,"column":16},"end":{"line":63,"column":null}},"23":{"start":{"line":67,"column":4},"end":{"line":79,"column":null}},"24":{"start":{"line":69,"column":12},"end":{"line":69,"column":null}},"25":{"start":{"line":70,"column":12},"end":{"line":70,"column":null}},"26":{"start":{"line":71,"column":12},"end":{"line":71,"column":null}},"27":{"start":{"line":73,"column":12},"end":{"line":73,"column":null}},"28":{"start":{"line":74,"column":12},"end":{"line":74,"column":null}},"29":{"start":{"line":75,"column":12},"end":{"line":75,"column":null}},"30":{"start":{"line":77,"column":12},"end":{"line":77,"column":null}},"31":{"start":{"line":78,"column":12},"end":{"line":78,"column":null}},"32":{"start":{"line":81,"column":22},"end":{"line":81,"column":null}},"33":{"start":{"line":82,"column":4},"end":{"line":82,"column":null}},"34":{"start":{"line":84,"column":23},"end":{"line":87,"column":null}},"35":{"start":{"line":89,"column":4},"end":{"line":89,"column":null}},"36":{"start":{"line":91,"column":4},"end":{"line":91,"column":null}}},"fnMap":{"0":{"name":"buildJsonOutput","decl":{"start":{"line":11,"column":9},"end":{"line":11,"column":25}},"loc":{"start":{"line":11,"column":52},"end":{"line":27,"column":null}},"line":11},"1":{"name":"buildYamlOutput","decl":{"start":{"line":29,"column":9},"end":{"line":29,"column":25}},"loc":{"start":{"line":29,"column":52},"end":{"line":45,"column":null}},"line":29},"2":{"name":"exportSkill","decl":{"start":{"line":47,"column":16},"end":{"line":47,"column":28}},"loc":{"start":{"line":47,"column":67},"end":{"line":92,"column":null}},"line":47},"3":{"name":"(anonymous_3)","decl":{"start":{"line":54,"column":31},"end":{"line":54,"column":null}},"loc":{"start":{"line":55,"column":13},"end":{"line":55,"column":null}},"line":55}},"branchMap":{"0":{"loc":{"start":{"line":21,"column":8},"end":{"line":23,"column":null}},"type":"if","locations":[{"start":{"line":21,"column":8},"end":{"line":23,"column":null}},{"start":{},"end":{}}],"line":21},"1":{"loc":{"start":{"line":39,"column":8},"end":{"line":41,"column":null}},"type":"if","locations":[{"start":{"line":39,"column":8},"end":{"line":41,"column":null}},{"start":{},"end":{}}],"line":39},"2":{"loc":{"start":{"line":49,"column":4},"end":{"line":52,"column":null}},"type":"if","locations":[{"start":{"line":49,"column":4},"end":{"line":52,"column":null}},{"start":{},"end":{}}],"line":49},"3":{"loc":{"start":{"line":58,"column":4},"end":{"line":61,"column":null}},"type":"if","locations":[{"start":{"line":58,"column":4},"end":{"line":61,"column":null}},{"start":{},"end":{}}],"line":58},"4":{"loc":{"start":{"line":63,"column":16},"end":{"line":63,"column":null}},"type":"binary-expr","locations":[{"start":{"line":63,"column":16},"end":{"line":63,"column":26}},{"start":{"line":63,"column":26},"end":{"line":63,"column":null}}],"line":63},"5":{"loc":{"start":{"line":67,"column":4},"end":{"line":79,"column":null}},"type":"switch","locations":[{"start":{"line":68,"column":8},"end":{"line":71,"column":null}},{"start":{"line":72,"column":8},"end":{"line":75,"column":null}},{"start":{"line":76,"column":8},"end":{"line":78,"column":null}}],"line":67}},"s":{"0":0,"1":0,"2":0,"3":0,"4":0,"5":0,"6":0,"7":0,"8":0,"9":0,"10":0,"11":0,"12":0,"13":0,"14":2,"15":1,"16":1,"17":1,"18":0,"19":1,"20":1,"21":1,"22":0,"23":2,"24":0,"25":0,"26":0,"27":0,"28":0,"29":0,"30":0,"31":0,"32":0,"33":0,"34":0,"35":0,"36":0},"f":{"0":0,"1":0,"2":2,"3":0},"b":{"0":[0,0],"1":[0,0],"2":[1,1],"3":[1,0],"4":[0,0],"5":[0,0,0]},"meta":{"lastBranch":6,"lastFunction":4,"lastStatement":37,"seen":{"f:11:9:11:25":0,"s:12:18:15:Infinity":0,"s:17:41:17:Infinity":1,"s:19:4:24:Infinity":2,"s:20:25:20:Infinity":3,"b:21:8:23:Infinity:undefined:undefined:undefined:undefined":0,"s:21:8:23:Infinity":4,"s:22:12:22:Infinity":5,"s:26:4:26:Infinity":6,"f:29:9:29:25":1,"s:30:18:33:Infinity":7,"s:35:41:35:Infinity":8,"s:37:4:42:Infinity":9,"s:38:25:38:Infinity":10,"b:39:8:41:Infinity:undefined:undefined:undefined:undefined":1,"s:39:8:41:Infinity":11,"s:40:12:40:Infinity":12,"s:44:4:44:Infinity":13,"f:47:16:47:28":2,"b:49:4:52:Infinity:undefined:undefined:undefined:undefined":2,"s:49:4:52:Infinity":14,"s:50:8:50:Infinity":15,"s:51:8:51:Infinity":16,"s:54:10:56:Infinity":17,"f:54:31:54:Infinity":3,"s:55:13:55:Infinity":18,"b:58:4:61:Infinity:undefined:undefined:undefined:undefined":3,"s:58:4:61:Infinity":19,"s:59:8:59:Infinity":20,"s:60:8:60:Infinity":21,"s:63:16:63:Infinity":22,"b:63:16:63:26:63:26:63:Infinity":4,"b:68:8:71:Infinity:72:8:75:Infinity:76:8:78:Infinity":5,"s:67:4:79:Infinity":23,"s:69:12:69:Infinity":24,"s:70:12:70:Infinity":25,"s:71:12:71:Infinity":26,"s:73:12:73:Infinity":27,"s:74:12:74:Infinity":28,"s:75:12:75:Infinity":29,"s:77:12:77:Infinity":30,"s:78:12:78:Infinity":31,"s:81:22:81:Infinity":32,"s:82:4:82:Infinity":33,"s:84:23:87:Infinity":34,"s:89:4:89:Infinity":35,"s:91:4:91:Infinity":36},"fnNames":{}}}
,"/Users/ryox/Documents/GitHub/ryo-engineering-framework/src/commands/help.ts": {"path":"/Users/ryox/Documents/GitHub/ryo-engineering-framework/src/commands/help.ts","statementMap":{"0":{"start":{"line":5,"column":4},"end":{"line":5,"column":null}},"1":{"start":{"line":7,"column":84},"end":{"line":43,"column":null}},"2":{"start":{"line":45,"column":4},"end":{"line":52,"column":null}},"3":{"start":{"line":46,"column":8},"end":{"line":46,"column":null}},"4":{"start":{"line":47,"column":23},"end":{"line":47,"column":null}},"5":{"start":{"line":47,"column":61},"end":{"line":47,"column":74}},"6":{"start":{"line":48,"column":8},"end":{"line":50,"column":null}},"7":{"start":{"line":49,"column":12},"end":{"line":49,"column":null}},"8":{"start":{"line":51,"column":8},"end":{"line":51,"column":null}},"9":{"start":{"line":54,"column":4},"end":{"line":54,"column":null}},"10":{"start":{"line":55,"column":4},"end":{"line":55,"column":null}}},"fnMap":{"0":{"name":"help","decl":{"start":{"line":4,"column":16},"end":{"line":4,"column":23}},"loc":{"start":{"line":4,"column":23},"end":{"line":56,"column":null}},"line":4},"1":{"name":"(anonymous_1)","decl":{"start":{"line":47,"column":50},"end":{"line":47,"column":55}},"loc":{"start":{"line":47,"column":61},"end":{"line":47,"column":74}},"line":47}},"branchMap":{},"s":{"0":1,"1":1,"2":1,"3":3,"4":3,"5":20,"6":3,"7":20,"8":3,"9":1,"10":1},"f":{"0":1,"1":20},"b":{},"meta":{"lastBranch":0,"lastFunction":2,"lastStatement":11,"seen":{"f:4:16:4:23":0,"s:5:4:5:Infinity":0,"s:7:84:43:Infinity":1,"s:45:4:52:Infinity":2,"s:46:8:46:Infinity":3,"s:47:23:47:Infinity":4,"f:47:50:47:55":1,"s:47:61:47:74":5,"s:48:8:50:Infinity":6,"s:49:12:49:Infinity":7,"s:51:8:51:Infinity":8,"s:54:4:54:Infinity":9,"s:55:4:55:Infinity":10},"fnNames":{}}}
,"/Users/ryox/Documents/GitHub/ryo-engineering-framework/src/commands/info.ts": {"path":"/Users/ryox/Documents/GitHub/ryo-engineering-framework/src/commands/info.ts","statementMap":{"0":{"start":{"line":7,"column":4},"end":{"line":10,"column":null}},"1":{"start":{"line":8,"column":8},"end":{"line":8,"column":null}},"2":{"start":{"line":9,"column":8},"end":{"line":9,"column":null}},"3":{"start":{"line":12,"column":10},"end":{"line":14,"column":null}},"4":{"start":{"line":13,"column":13},"end":{"line":13,"column":null}},"5":{"start":{"line":16,"column":4},"end":{"line":19,"column":null}},"6":{"start":{"line":17,"column":8},"end":{"line":17,"column":null}},"7":{"start":{"line":18,"column":8},"end":{"line":18,"column":null}},"8":{"start":{"line":21,"column":4},"end":{"line":21,"column":null}},"9":{"start":{"line":22,"column":4},"end":{"line":22,"column":null}},"10":{"start":{"line":23,"column":4},"end":{"line":23,"column":null}},"11":{"start":{"line":25,"column":4},"end":{"line":25,"column":null}},"12":{"start":{"line":26,"column":4},"end":{"line":26,"column":null}},"13":{"start":{"line":28,"column":4},"end":{"line":30,"column":null}},"14":{"start":{"line":29,"column":8},"end":{"line":29,"column":null}},"15":{"start":{"line":32,"column":4},"end":{"line":34,"column":null}},"16":{"start":{"line":33,"column":8},"end":{"line":33,"column":null}},"17":{"start":{"line":36,"column":4},"end":{"line":36,"column":null}}},"fnMap":{"0":{"name":"info","decl":{"start":{"line":5,"column":16},"end":{"line":5,"column":21}},"loc":{"start":{"line":5,"column":41},"end":{"line":37,"column":null}},"line":5},"1":{"name":"(anonymous_1)","decl":{"start":{"line":12,"column":31},"end":{"line":12,"column":null}},"loc":{"start":{"line":13,"column":13},"end":{"line":13,"column":null}},"line":13}},"branchMap":{"0":{"loc":{"start":{"line":7,"column":4},"end":{"line":10,"column":null}},"type":"if","locations":[{"start":{"line":7,"column":4},"end":{"line":10,"column":null}},{"start":{},"end":{}}],"line":7},"1":{"loc":{"start":{"line":16,"column":4},"end":{"line":19,"column":null}},"type":"if","locations":[{"start":{"line":16,"column":4},"end":{"line":19,"column":null}},{"start":{},"end":{}}],"line":16},"2":{"loc":{"start":{"line":28,"column":4},"end":{"line":30,"column":null}},"type":"if","locations":[{"start":{"line":28,"column":4},"end":{"line":30,"column":null}},{"start":{},"end":{}}],"line":28},"3":{"loc":{"start":{"line":32,"column":4},"end":{"line":34,"column":null}},"type":"if","locations":[{"start":{"line":32,"column":4},"end":{"line":34,"column":null}},{"start":{},"end":{}}],"line":32}},"s":{"0":4,"1":1,"2":1,"3":3,"4":1,"5":3,"6":2,"7":2,"8":1,"9":1,"10":1,"11":1,"12":1,"13":1,"14":0,"15":1,"16":0,"17":1},"f":{"0":4,"1":1},"b":{"0":[1,3],"1":[2,1],"2":[0,1],"3":[0,1]},"meta":{"lastBranch":4,"lastFunction":2,"lastStatement":18,"seen":{"f:5:16:5:21":0,"b:7:4:10:Infinity:undefined:undefined:undefined:undefined":0,"s:7:4:10:Infinity":0,"s:8:8:8:Infinity":1,"s:9:8:9:Infinity":2,"s:12:10:14:Infinity":3,"f:12:31:12:Infinity":1,"s:13:13:13:Infinity":4,"b:16:4:19:Infinity:undefined:undefined:undefined:undefined":1,"s:16:4:19:Infinity":5,"s:17:8:17:Infinity":6,"s:18:8:18:Infinity":7,"s:21:4:21:Infinity":8,"s:22:4:22:Infinity":9,"s:23:4:23:Infinity":10,"s:25:4:25:Infinity":11,"s:26:4:26:Infinity":12,"b:28:4:30:Infinity:undefined:undefined:undefined:undefined":2,"s:28:4:30:Infinity":13,"s:29:8:29:Infinity":14,"b:32:4:34:Infinity:undefined:undefined:undefined:undefined":3,"s:32:4:34:Infinity":15,"s:33:8:33:Infinity":16,"s:36:4:36:Infinity":17},"fnNames":{}}}
,"/Users/ryox/Documents/GitHub/ryo-engineering-framework/src/commands/init.ts": {"path":"/Users/ryox/Documents/GitHub/ryo-engineering-framework/src/commands/init.ts","statementMap":{"0":{"start":{"line":5,"column":4},"end":{"line":5,"column":null}},"1":{"start":{"line":6,"column":4},"end":{"line":6,"column":null}},"2":{"start":{"line":7,"column":4},"end":{"line":7,"column":null}},"3":{"start":{"line":8,"column":4},"end":{"line":8,"column":null}},"4":{"start":{"line":9,"column":4},"end":{"line":9,"column":null}}},"fnMap":{"0":{"name":"init","decl":{"start":{"line":4,"column":16},"end":{"line":4,"column":23}},"loc":{"start":{"line":4,"column":23},"end":{"line":10,"column":null}},"line":4}},"branchMap":{},"s":{"0":1,"1":1,"2":1,"3":1,"4":1},"f":{"0":1},"b":{},"meta":{"lastBranch":0,"lastFunction":1,"lastStatement":5,"seen":{"f:4:16:4:23":0,"s:5:4:5:Infinity":0,"s:6:4:6:Infinity":1,"s:7:4:7:Infinity":2,"s:8:4:8:Infinity":3,"s:9:4:9:Infinity":4},"fnNames":{}}}
,"/Users/ryox/Documents/GitHub/ryo-engineering-framework/src/commands/install.ts": {"path":"/Users/ryox/Documents/GitHub/ryo-engineering-framework/src/commands/install.ts","statementMap":{"0":{"start":{"line":11,"column":4},"end":{"line":14,"column":null}},"1":{"start":{"line":12,"column":8},"end":{"line":12,"column":null}},"2":{"start":{"line":13,"column":8},"end":{"line":13,"column":null}},"3":{"start":{"line":16,"column":10},"end":{"line":16,"column":null}},"4":{"start":{"line":18,"column":4},"end":{"line":21,"column":null}},"5":{"start":{"line":19,"column":8},"end":{"line":19,"column":null}},"6":{"start":{"line":20,"column":8},"end":{"line":20,"column":null}},"7":{"start":{"line":23,"column":10},"end":{"line":27,"column":null}},"8":{"start":{"line":29,"column":19},"end":{"line":33,"column":null}},"9":{"start":{"line":35,"column":4},"end":{"line":38,"column":null}},"10":{"start":{"line":36,"column":8},"end":{"line":36,"column":null}},"11":{"start":{"line":37,"column":8},"end":{"line":37,"column":null}},"12":{"start":{"line":40,"column":4},"end":{"line":43,"column":null}},"13":{"start":{"line":41,"column":8},"end":{"line":41,"column":null}},"14":{"start":{"line":42,"column":8},"end":{"line":42,"column":null}},"15":{"start":{"line":45,"column":4},"end":{"line":47,"column":null}},"16":{"start":{"line":46,"column":8},"end":{"line":46,"column":null}},"17":{"start":{"line":49,"column":4},"end":{"line":51,"column":null}}},"fnMap":{"0":{"name":"install","decl":{"start":{"line":9,"column":16},"end":{"line":9,"column":24}},"loc":{"start":{"line":9,"column":40},"end":{"line":52,"column":null}},"line":9},"1":{"name":"(anonymous_1)","decl":{"start":{"line":45,"column":59},"end":{"line":45,"column":71}},"loc":{"start":{"line":45,"column":71},"end":{"line":47,"column":5}},"line":45}},"branchMap":{"0":{"loc":{"start":{"line":11,"column":4},"end":{"line":14,"column":null}},"type":"if","locations":[{"start":{"line":11,"column":4},"end":{"line":14,"column":null}},{"start":{},"end":{}}],"line":11},"1":{"loc":{"start":{"line":18,"column":4},"end":{"line":21,"column":null}},"type":"if","locations":[{"start":{"line":18,"column":4},"end":{"line":21,"column":null}},{"start":{},"end":{}}],"line":18},"2":{"loc":{"start":{"line":35,"column":4},"end":{"line":38,"column":null}},"type":"if","locations":[{"start":{"line":35,"column":4},"end":{"line":38,"column":null}},{"start":{},"end":{}}],"line":35},"3":{"loc":{"start":{"line":40,"column":4},"end":{"line":43,"column":null}},"type":"if","locations":[{"start":{"line":40,"column":4},"end":{"line":43,"column":null}},{"start":{},"end":{}}],"line":40}},"s":{"0":5,"1":1,"2":1,"3":4,"4":4,"5":1,"6":1,"7":3,"8":3,"9":3,"10":1,"11":1,"12":2,"13":1,"14":1,"15":1,"16":1,"17":1},"f":{"0":5,"1":1},"b":{"0":[1,4],"1":[1,3],"2":[1,2],"3":[1,1]},"meta":{"lastBranch":4,"lastFunction":2,"lastStatement":18,"seen":{"f:9:16:9:24":0,"b:11:4:14:Infinity:undefined:undefined:undefined:undefined":0,"s:11:4:14:Infinity":0,"s:12:8:12:Infinity":1,"s:13:8:13:Infinity":2,"s:16:10:16:Infinity":3,"b:18:4:21:Infinity:undefined:undefined:undefined:undefined":1,"s:18:4:21:Infinity":4,"s:19:8:19:Infinity":5,"s:20:8:20:Infinity":6,"s:23:10:27:Infinity":7,"s:29:19:33:Infinity":8,"b:35:4:38:Infinity:undefined:undefined:undefined:undefined":2,"s:35:4:38:Infinity":9,"s:36:8:36:Infinity":10,"s:37:8:37:Infinity":11,"b:40:4:43:Infinity:undefined:undefined:undefined:undefined":3,"s:40:4:43:Infinity":12,"s:41:8:41:Infinity":13,"s:42:8:42:Infinity":14,"s:45:4:47:Infinity":15,"f:45:59:45:71":1,"s:46:8:46:Infinity":16,"s:49:4:51:Infinity":17},"fnNames":{}}}
,"/Users/ryox/Documents/GitHub/ryo-engineering-framework/src/commands/list.ts": {"path":"/Users/ryox/Documents/GitHub/ryo-engineering-framework/src/commands/list.ts","statementMap":{"0":{"start":{"line":9,"column":22},"end":{"line":9,"column":null}},"1":{"start":{"line":11,"column":4},"end":{"line":14,"column":null}},"2":{"start":{"line":12,"column":8},"end":{"line":12,"column":null}},"3":{"start":{"line":13,"column":8},"end":{"line":13,"column":null}},"4":{"start":{"line":16,"column":10},"end":{"line":16,"column":null}},"5":{"start":{"line":18,"column":4},"end":{"line":21,"column":null}},"6":{"start":{"line":19,"column":8},"end":{"line":19,"column":null}},"7":{"start":{"line":20,"column":8},"end":{"line":20,"column":null}},"8":{"start":{"line":23,"column":4},"end":{"line":23,"column":null}},"9":{"start":{"line":24,"column":4},"end":{"line":24,"column":null}},"10":{"start":{"line":25,"column":4},"end":{"line":25,"column":null}},"11":{"start":{"line":27,"column":4},"end":{"line":38,"column":null}},"12":{"start":{"line":28,"column":8},"end":{"line":28,"column":null}},"13":{"start":{"line":30,"column":14},"end":{"line":30,"column":null}},"14":{"start":{"line":32,"column":8},"end":{"line":35,"column":null}},"15":{"start":{"line":32,"column":21},"end":{"line":32,"column":24}},"16":{"start":{"line":33,"column":27},"end":{"line":33,"column":null}},"17":{"start":{"line":34,"column":12},"end":{"line":34,"column":null}},"18":{"start":{"line":37,"column":8},"end":{"line":37,"column":null}}},"fnMap":{"0":{"name":"list","decl":{"start":{"line":7,"column":16},"end":{"line":7,"column":29}},"loc":{"start":{"line":7,"column":29},"end":{"line":39,"column":null}},"line":7}},"branchMap":{"0":{"loc":{"start":{"line":11,"column":4},"end":{"line":14,"column":null}},"type":"if","locations":[{"start":{"line":11,"column":4},"end":{"line":14,"column":null}},{"start":{},"end":{}}],"line":11},"1":{"loc":{"start":{"line":18,"column":4},"end":{"line":21,"column":null}},"type":"if","locations":[{"start":{"line":18,"column":4},"end":{"line":21,"column":null}},{"start":{},"end":{}}],"line":18},"2":{"loc":{"start":{"line":24,"column":58},"end":{"line":24,"column":110}},"type":"cond-expr","locations":[{"start":{"line":24,"column":84},"end":{"line":24,"column":97}},{"start":{"line":24,"column":97},"end":{"line":24,"column":110}}],"line":24},"3":{"loc":{"start":{"line":33,"column":27},"end":{"line":33,"column":null}},"type":"cond-expr","locations":[{"start":{"line":33,"column":53},"end":{"line":33,"column":64}},{"start":{"line":33,"column":64},"end":{"line":33,"column":null}}],"line":33}},"s":{"0":3,"1":3,"2":1,"3":1,"4":2,"5":2,"6":1,"7":1,"8":1,"9":1,"10":3,"11":3,"12":1,"13":1,"14":1,"15":1,"16":1,"17":1,"18":1},"f":{"0":3},"b":{"0":[1,2],"1":[1,1],"2":[1,0],"3":[1,0]},"meta":{"lastBranch":4,"lastFunction":1,"lastStatement":19,"seen":{"f:7:16:7:29":0,"s:9:22:9:Infinity":0,"b:11:4:14:Infinity:undefined:undefined:undefined:undefined":0,"s:11:4:14:Infinity":1,"s:12:8:12:Infinity":2,"s:13:8:13:Infinity":3,"s:16:10:16:Infinity":4,"b:18:4:21:Infinity:undefined:undefined:undefined:undefined":1,"s:18:4:21:Infinity":5,"s:19:8:19:Infinity":6,"s:20:8:20:Infinity":7,"s:23:4:23:Infinity":8,"s:24:4:24:Infinity":9,"b:24:84:24:97:24:97:24:110":2,"s:25:4:25:Infinity":10,"s:27:4:38:Infinity":11,"s:28:8:28:Infinity":12,"s:30:14:30:Infinity":13,"s:32:8:35:Infinity":14,"s:32:21:32:24":15,"s:33:27:33:Infinity":16,"b:33:53:33:64:33:64:33:Infinity":3,"s:34:12:34:Infinity":17,"s:37:8:37:Infinity":18},"fnNames":{}}}
,"/Users/ryox/Documents/GitHub/ryo-engineering-framework/src/commands/publish.ts": {"path":"/Users/ryox/Documents/GitHub/ryo-engineering-framework/src/commands/publish.ts","statementMap":{"0":{"start":{"line":10,"column":4},"end":{"line":13,"column":null}},"1":{"start":{"line":11,"column":8},"end":{"line":11,"column":null}},"2":{"start":{"line":12,"column":8},"end":{"line":12,"column":null}},"3":{"start":{"line":15,"column":10},"end":{"line":17,"column":null}},"4":{"start":{"line":16,"column":13},"end":{"line":16,"column":null}},"5":{"start":{"line":19,"column":4},"end":{"line":22,"column":null}},"6":{"start":{"line":20,"column":8},"end":{"line":20,"column":null}},"7":{"start":{"line":21,"column":8},"end":{"line":21,"column":null}},"8":{"start":{"line":24,"column":21},"end":{"line":24,"column":null}},"9":{"start":{"line":25,"column":4},"end":{"line":25,"column":null}},"10":{"start":{"line":27,"column":23},"end":{"line":30,"column":null}},"11":{"start":{"line":32,"column":4},"end":{"line":34,"column":null}},"12":{"start":{"line":33,"column":8},"end":{"line":33,"column":null}},"13":{"start":{"line":36,"column":4},"end":{"line":39,"column":null}},"14":{"start":{"line":41,"column":4},"end":{"line":43,"column":null}}},"fnMap":{"0":{"name":"publish","decl":{"start":{"line":8,"column":16},"end":{"line":8,"column":24}},"loc":{"start":{"line":8,"column":40},"end":{"line":44,"column":null}},"line":8},"1":{"name":"(anonymous_1)","decl":{"start":{"line":15,"column":31},"end":{"line":15,"column":null}},"loc":{"start":{"line":16,"column":13},"end":{"line":16,"column":null}},"line":16}},"branchMap":{"0":{"loc":{"start":{"line":10,"column":4},"end":{"line":13,"column":null}},"type":"if","locations":[{"start":{"line":10,"column":4},"end":{"line":13,"column":null}},{"start":{},"end":{}}],"line":10},"1":{"loc":{"start":{"line":19,"column":4},"end":{"line":22,"column":null}},"type":"if","locations":[{"start":{"line":19,"column":4},"end":{"line":22,"column":null}},{"start":{},"end":{}}],"line":19},"2":{"loc":{"start":{"line":32,"column":4},"end":{"line":34,"column":null}},"type":"if","locations":[{"start":{"line":32,"column":4},"end":{"line":34,"column":null}},{"start":{},"end":{}}],"line":32}},"s":{"0":2,"1":1,"2":1,"3":1,"4":0,"5":1,"6":1,"7":1,"8":0,"9":0,"10":0,"11":0,"12":0,"13":0,"14":0},"f":{"0":2,"1":0},"b":{"0":[1,1],"1":[1,0],"2":[0,0]},"meta":{"lastBranch":3,"lastFunction":2,"lastStatement":15,"seen":{"f:8:16:8:24":0,"b:10:4:13:Infinity:undefined:undefined:undefined:undefined":0,"s:10:4:13:Infinity":0,"s:11:8:11:Infinity":1,"s:12:8:12:Infinity":2,"s:15:10:17:Infinity":3,"f:15:31:15:Infinity":1,"s:16:13:16:Infinity":4,"b:19:4:22:Infinity:undefined:undefined:undefined:undefined":1,"s:19:4:22:Infinity":5,"s:20:8:20:Infinity":6,"s:21:8:21:Infinity":7,"s:24:21:24:Infinity":8,"s:25:4:25:Infinity":9,"s:27:23:30:Infinity":10,"b:32:4:34:Infinity:undefined:undefined:undefined:undefined":2,"s:32:4:34:Infinity":11,"s:33:8:33:Infinity":12,"s:36:4:39:Infinity":13,"s:41:4:43:Infinity":14},"fnNames":{}}}
,"/Users/ryox/Documents/GitHub/ryo-engineering-framework/src/commands/registry.ts": {"path":"/Users/ryox/Documents/GitHub/ryo-engineering-framework/src/commands/registry.ts","statementMap":{"0":{"start":{"line":7,"column":10},"end":{"line":7,"column":null}},"1":{"start":{"line":9,"column":4},"end":{"line":12,"column":null}},"2":{"start":{"line":10,"column":8},"end":{"line":10,"column":null}},"3":{"start":{"line":11,"column":8},"end":{"line":11,"column":null}},"4":{"start":{"line":14,"column":20},"end":{"line":14,"column":null}},"5":{"start":{"line":15,"column":4},"end":{"line":19,"column":null}},"6":{"start":{"line":16,"column":21},"end":{"line":16,"column":null}},"7":{"start":{"line":17,"column":8},"end":{"line":17,"column":null}},"8":{"start":{"line":18,"column":8},"end":{"line":18,"column":null}},"9":{"start":{"line":21,"column":18},"end":{"line":21,"column":null}},"10":{"start":{"line":22,"column":4},"end":{"line":22,"column":null}},"11":{"start":{"line":23,"column":4},"end":{"line":23,"column":null}},"12":{"start":{"line":25,"column":29},"end":{"line":25,"column":null}},"13":{"start":{"line":27,"column":4},"end":{"line":44,"column":null}},"14":{"start":{"line":27,"column":18},"end":{"line":27,"column":21}},"15":{"start":{"line":28,"column":25},"end":{"line":28,"column":null}},"16":{"start":{"line":29,"column":22},"end":{"line":31,"column":null}},"17":{"start":{"line":30,"column":12},"end":{"line":30,"column":null}},"18":{"start":{"line":33,"column":8},"end":{"line":33,"column":null}},"19":{"start":{"line":35,"column":8},"end":{"line":39,"column":null}},"20":{"start":{"line":35,"column":21},"end":{"line":35,"column":24}},"21":{"start":{"line":36,"column":26},"end":{"line":36,"column":null}},"22":{"start":{"line":37,"column":27},"end":{"line":37,"column":null}},"23":{"start":{"line":38,"column":12},"end":{"line":38,"column":null}},"24":{"start":{"line":41,"column":8},"end":{"line":43,"column":null}},"25":{"start":{"line":42,"column":12},"end":{"line":42,"column":null}},"26":{"start":{"line":46,"column":4},"end":{"line":46,"column":null}}},"fnMap":{"0":{"name":"registry","decl":{"start":{"line":5,"column":16},"end":{"line":5,"column":27}},"loc":{"start":{"line":5,"column":27},"end":{"line":47,"column":null}},"line":5},"1":{"name":"(anonymous_1)","decl":{"start":{"line":29,"column":50},"end":{"line":29,"column":56}},"loc":{"start":{"line":30,"column":12},"end":{"line":30,"column":null}},"line":30}},"branchMap":{"0":{"loc":{"start":{"line":9,"column":4},"end":{"line":12,"column":null}},"type":"if","locations":[{"start":{"line":9,"column":4},"end":{"line":12,"column":null}},{"start":{},"end":{}}],"line":9},"1":{"loc":{"start":{"line":16,"column":21},"end":{"line":16,"column":null}},"type":"binary-expr","locations":[{"start":{"line":16,"column":21},"end":{"line":16,"column":52}},{"start":{"line":16,"column":52},"end":{"line":16,"column":null}}],"line":16},"2":{"loc":{"start":{"line":21,"column":18},"end":{"line":21,"column":null}},"type":"cond-expr","locations":[{"start":{"line":21,"column":40},"end":{"line":21,"column":52}},{"start":{"line":21,"column":52},"end":{"line":21,"column":null}}],"line":21},"3":{"loc":{"start":{"line":37,"column":27},"end":{"line":37,"column":null}},"type":"cond-expr","locations":[{"start":{"line":37,"column":52},"end":{"line":37,"column":61}},{"start":{"line":37,"column":61},"end":{"line":37,"column":null}}],"line":37},"4":{"loc":{"start":{"line":41,"column":8},"end":{"line":43,"column":null}},"type":"if","locations":[{"start":{"line":41,"column":8},"end":{"line":43,"column":null}},{"start":{},"end":{}}],"line":41}},"s":{"0":3,"1":3,"2":1,"3":1,"4":2,"5":2,"6":3,"7":3,"8":3,"9":2,"10":3,"11":3,"12":3,"13":3,"14":3,"15":3,"16":3,"17":0,"18":3,"19":3,"20":3,"21":3,"22":3,"23":3,"24":3,"25":1,"26":3},"f":{"0":3,"1":0},"b":{"0":[1,2],"1":[3,3],"2":[1,1],"3":[3,0],"4":[1,2]},"meta":{"lastBranch":5,"lastFunction":2,"lastStatement":27,"seen":{"f:5:16:5:27":0,"s:7:10:7:Infinity":0,"b:9:4:12:Infinity:undefined:undefined:undefined:undefined":0,"s:9:4:12:Infinity":1,"s:10:8:10:Infinity":2,"s:11:8:11:Infinity":3,"s:14:20:14:Infinity":4,"s:15:4:19:Infinity":5,"s:16:21:16:Infinity":6,"b:16:21:16:52:16:52:16:Infinity":1,"s:17:8:17:Infinity":7,"s:18:8:18:Infinity":8,"s:21:18:21:Infinity":9,"b:21:40:21:52:21:52:21:Infinity":2,"s:22:4:22:Infinity":10,"s:23:4:23:Infinity":11,"s:25:29:25:Infinity":12,"s:27:4:44:Infinity":13,"s:27:18:27:21":14,"s:28:25:28:Infinity":15,"s:29:22:31:Infinity":16,"f:29:50:29:56":1,"s:30:12:30:Infinity":17,"s:33:8:33:Infinity":18,"s:35:8:39:Infinity":19,"s:35:21:35:24":20,"s:36:26:36:Infinity":21,"s:37:27:37:Infinity":22,"b:37:52:37:61:37:61:37:Infinity":3,"s:38:12:38:Infinity":23,"b:41:8:43:Infinity:undefined:undefined:undefined:undefined":4,"s:41:8:43:Infinity":24,"s:42:12:42:Infinity":25,"s:46:4:46:Infinity":26},"fnNames":{}}}
,"/Users/ryox/Documents/GitHub/ryo-engineering-framework/src/commands/run.ts": {"path":"/Users/ryox/Documents/GitHub/ryo-engineering-framework/src/commands/run.ts","statementMap":{"0":{"start":{"line":7,"column":4},"end":{"line":10,"column":null}},"1":{"start":{"line":8,"column":8},"end":{"line":8,"column":null}},"2":{"start":{"line":9,"column":8},"end":{"line":9,"column":null}},"3":{"start":{"line":12,"column":10},"end":{"line":14,"column":null}},"4":{"start":{"line":13,"column":13},"end":{"line":13,"column":null}},"5":{"start":{"line":16,"column":4},"end":{"line":19,"column":null}},"6":{"start":{"line":17,"column":8},"end":{"line":17,"column":null}},"7":{"start":{"line":18,"column":8},"end":{"line":18,"column":null}},"8":{"start":{"line":21,"column":4},"end":{"line":21,"column":null}},"9":{"start":{"line":23,"column":10},"end":{"line":23,"column":null}},"10":{"start":{"line":25,"column":4},"end":{"line":25,"column":null}}},"fnMap":{"0":{"name":"run","decl":{"start":{"line":5,"column":16},"end":{"line":5,"column":20}},"loc":{"start":{"line":5,"column":36},"end":{"line":26,"column":null}},"line":5},"1":{"name":"(anonymous_1)","decl":{"start":{"line":12,"column":31},"end":{"line":12,"column":null}},"loc":{"start":{"line":13,"column":13},"end":{"line":13,"column":null}},"line":13}},"branchMap":{"0":{"loc":{"start":{"line":7,"column":4},"end":{"line":10,"column":null}},"type":"if","locations":[{"start":{"line":7,"column":4},"end":{"line":10,"column":null}},{"start":{},"end":{}}],"line":7},"1":{"loc":{"start":{"line":16,"column":4},"end":{"line":19,"column":null}},"type":"if","locations":[{"start":{"line":16,"column":4},"end":{"line":19,"column":null}},{"start":{},"end":{}}],"line":16}},"s":{"0":3,"1":1,"2":1,"3":2,"4":1,"5":2,"6":1,"7":1,"8":1,"9":1,"10":1},"f":{"0":3,"1":1},"b":{"0":[1,2],"1":[1,1]},"meta":{"lastBranch":2,"lastFunction":2,"lastStatement":11,"seen":{"f:5:16:5:20":0,"b:7:4:10:Infinity:undefined:undefined:undefined:undefined":0,"s:7:4:10:Infinity":0,"s:8:8:8:Infinity":1,"s:9:8:9:Infinity":2,"s:12:10:14:Infinity":3,"f:12:31:12:Infinity":1,"s:13:13:13:Infinity":4,"b:16:4:19:Infinity:undefined:undefined:undefined:undefined":1,"s:16:4:19:Infinity":5,"s:17:8:17:Infinity":6,"s:18:8:18:Infinity":7,"s:21:4:21:Infinity":8,"s:23:10:23:Infinity":9,"s:25:4:25:Infinity":10},"fnNames":{}}}
,"/Users/ryox/Documents/GitHub/ryo-engineering-framework/src/commands/search.ts": {"path":"/Users/ryox/Documents/GitHub/ryo-engineering-framework/src/commands/search.ts","statementMap":{"0":{"start":{"line":7,"column":4},"end":{"line":10,"column":null}},"1":{"start":{"line":8,"column":8},"end":{"line":8,"column":null}},"2":{"start":{"line":9,"column":8},"end":{"line":9,"column":null}},"3":{"start":{"line":12,"column":10},"end":{"line":12,"column":null}},"4":{"start":{"line":14,"column":4},"end":{"line":17,"column":null}},"5":{"start":{"line":15,"column":8},"end":{"line":15,"column":null}},"6":{"start":{"line":16,"column":8},"end":{"line":16,"column":null}},"7":{"start":{"line":19,"column":4},"end":{"line":19,"column":null}},"8":{"start":{"line":20,"column":4},"end":{"line":20,"column":null}},"9":{"start":{"line":22,"column":4},"end":{"line":24,"column":null}},"10":{"start":{"line":23,"column":8},"end":{"line":23,"column":null}},"11":{"start":{"line":26,"column":4},"end":{"line":26,"column":null}}},"fnMap":{"0":{"name":"search","decl":{"start":{"line":5,"column":16},"end":{"line":5,"column":23}},"loc":{"start":{"line":5,"column":41},"end":{"line":27,"column":null}},"line":5}},"branchMap":{"0":{"loc":{"start":{"line":7,"column":4},"end":{"line":10,"column":null}},"type":"if","locations":[{"start":{"line":7,"column":4},"end":{"line":10,"column":null}},{"start":{},"end":{}}],"line":7},"1":{"loc":{"start":{"line":14,"column":4},"end":{"line":17,"column":null}},"type":"if","locations":[{"start":{"line":14,"column":4},"end":{"line":17,"column":null}},{"start":{},"end":{}}],"line":14}},"s":{"0":4,"1":1,"2":1,"3":3,"4":3,"5":1,"6":1,"7":2,"8":2,"9":2,"10":8,"11":2},"f":{"0":4},"b":{"0":[1,3],"1":[1,2]},"meta":{"lastBranch":2,"lastFunction":1,"lastStatement":12,"seen":{"f:5:16:5:23":0,"b:7:4:10:Infinity:undefined:undefined:undefined:undefined":0,"s:7:4:10:Infinity":0,"s:8:8:8:Infinity":1,"s:9:8:9:Infinity":2,"s:12:10:12:Infinity":3,"b:14:4:17:Infinity:undefined:undefined:undefined:undefined":1,"s:14:4:17:Infinity":4,"s:15:8:15:Infinity":5,"s:16:8:16:Infinity":6,"s:19:4:19:Infinity":7,"s:20:4:20:Infinity":8,"s:22:4:24:Infinity":9,"s:23:8:23:Infinity":10,"s:26:4:26:Infinity":11},"fnNames":{}}}
,"/Users/ryox/Documents/GitHub/ryo-engineering-framework/src/commands/skills.ts": {"path":"/Users/ryox/Documents/GitHub/ryo-engineering-framework/src/commands/skills.ts","statementMap":{"0":{"start":{"line":7,"column":10},"end":{"line":7,"column":null}},"1":{"start":{"line":9,"column":4},"end":{"line":12,"column":null}},"2":{"start":{"line":10,"column":8},"end":{"line":10,"column":null}},"3":{"start":{"line":11,"column":8},"end":{"line":11,"column":null}},"4":{"start":{"line":14,"column":20},"end":{"line":14,"column":null}},"5":{"start":{"line":15,"column":4},"end":{"line":19,"column":null}},"6":{"start":{"line":16,"column":21},"end":{"line":16,"column":null}},"7":{"start":{"line":17,"column":8},"end":{"line":17,"column":null}},"8":{"start":{"line":18,"column":8},"end":{"line":18,"column":null}},"9":{"start":{"line":21,"column":4},"end":{"line":21,"column":null}},"10":{"start":{"line":22,"column":4},"end":{"line":22,"column":null}},"11":{"start":{"line":23,"column":4},"end":{"line":23,"column":null}},"12":{"start":{"line":25,"column":29},"end":{"line":25,"column":null}},"13":{"start":{"line":27,"column":4},"end":{"line":44,"column":null}},"14":{"start":{"line":27,"column":18},"end":{"line":27,"column":21}},"15":{"start":{"line":28,"column":25},"end":{"line":28,"column":null}},"16":{"start":{"line":29,"column":22},"end":{"line":31,"column":null}},"17":{"start":{"line":30,"column":12},"end":{"line":30,"column":null}},"18":{"start":{"line":33,"column":8},"end":{"line":33,"column":null}},"19":{"start":{"line":35,"column":8},"end":{"line":39,"column":null}},"20":{"start":{"line":35,"column":21},"end":{"line":35,"column":24}},"21":{"start":{"line":36,"column":26},"end":{"line":36,"column":null}},"22":{"start":{"line":37,"column":27},"end":{"line":37,"column":null}},"23":{"start":{"line":38,"column":12},"end":{"line":38,"column":null}},"24":{"start":{"line":41,"column":8},"end":{"line":43,"column":null}},"25":{"start":{"line":42,"column":12},"end":{"line":42,"column":null}},"26":{"start":{"line":46,"column":4},"end":{"line":46,"column":null}}},"fnMap":{"0":{"name":"skills","decl":{"start":{"line":5,"column":16},"end":{"line":5,"column":25}},"loc":{"start":{"line":5,"column":25},"end":{"line":47,"column":null}},"line":5},"1":{"name":"(anonymous_1)","decl":{"start":{"line":29,"column":50},"end":{"line":29,"column":56}},"loc":{"start":{"line":30,"column":12},"end":{"line":30,"column":null}},"line":30}},"branchMap":{"0":{"loc":{"start":{"line":9,"column":4},"end":{"line":12,"column":null}},"type":"if","locations":[{"start":{"line":9,"column":4},"end":{"line":12,"column":null}},{"start":{},"end":{}}],"line":9},"1":{"loc":{"start":{"line":16,"column":21},"end":{"line":16,"column":null}},"type":"binary-expr","locations":[{"start":{"line":16,"column":21},"end":{"line":16,"column":52}},{"start":{"line":16,"column":52},"end":{"line":16,"column":null}}],"line":16},"2":{"loc":{"start":{"line":37,"column":27},"end":{"line":37,"column":null}},"type":"cond-expr","locations":[{"start":{"line":37,"column":52},"end":{"line":37,"column":63}},{"start":{"line":37,"column":63},"end":{"line":37,"column":null}}],"line":37},"3":{"loc":{"start":{"line":41,"column":8},"end":{"line":43,"column":null}},"type":"if","locations":[{"start":{"line":41,"column":8},"end":{"line":43,"column":null}},{"start":{},"end":{}}],"line":41}},"s":{"0":2,"1":2,"2":1,"3":1,"4":1,"5":1,"6":1,"7":1,"8":1,"9":1,"10":1,"11":1,"12":1,"13":1,"14":1,"15":1,"16":1,"17":0,"18":1,"19":1,"20":1,"21":1,"22":1,"23":1,"24":1,"25":0,"26":1},"f":{"0":2,"1":0},"b":{"0":[1,1],"1":[1,1],"2":[1,0],"3":[0,1]},"meta":{"lastBranch":4,"lastFunction":2,"lastStatement":27,"seen":{"f:5:16:5:25":0,"s:7:10:7:Infinity":0,"b:9:4:12:Infinity:undefined:undefined:undefined:undefined":0,"s:9:4:12:Infinity":1,"s:10:8:10:Infinity":2,"s:11:8:11:Infinity":3,"s:14:20:14:Infinity":4,"s:15:4:19:Infinity":5,"s:16:21:16:Infinity":6,"b:16:21:16:52:16:52:16:Infinity":1,"s:17:8:17:Infinity":7,"s:18:8:18:Infinity":8,"s:21:4:21:Infinity":9,"s:22:4:22:Infinity":10,"s:23:4:23:Infinity":11,"s:25:29:25:Infinity":12,"s:27:4:44:Infinity":13,"s:27:18:27:21":14,"s:28:25:28:Infinity":15,"s:29:22:31:Infinity":16,"f:29:50:29:56":1,"s:30:12:30:Infinity":17,"s:33:8:33:Infinity":18,"s:35:8:39:Infinity":19,"s:35:21:35:24":20,"s:36:26:36:Infinity":21,"s:37:27:37:Infinity":22,"b:37:52:37:63:37:63:37:Infinity":2,"s:38:12:38:Infinity":23,"b:41:8:43:Infinity:undefined:undefined:undefined:undefined":3,"s:41:8:43:Infinity":24,"s:42:12:42:Infinity":25,"s:46:4:46:Infinity":26},"fnNames":{}}}
,"/Users/ryox/Documents/GitHub/ryo-engineering-framework/src/commands/uninstall.ts": {"path":"/Users/ryox/Documents/GitHub/ryo-engineering-framework/src/commands/uninstall.ts","statementMap":{"0":{"start":{"line":9,"column":4},"end":{"line":12,"column":null}},"1":{"start":{"line":10,"column":8},"end":{"line":10,"column":null}},"2":{"start":{"line":11,"column":8},"end":{"line":11,"column":null}},"3":{"start":{"line":14,"column":10},"end":{"line":14,"column":null}},"4":{"start":{"line":16,"column":4},"end":{"line":19,"column":null}},"5":{"start":{"line":17,"column":8},"end":{"line":17,"column":null}},"6":{"start":{"line":18,"column":8},"end":{"line":18,"column":null}},"7":{"start":{"line":21,"column":19},"end":{"line":25,"column":null}},"8":{"start":{"line":27,"column":4},"end":{"line":30,"column":null}},"9":{"start":{"line":28,"column":8},"end":{"line":28,"column":null}},"10":{"start":{"line":29,"column":8},"end":{"line":29,"column":null}},"11":{"start":{"line":32,"column":4},"end":{"line":35,"column":null}},"12":{"start":{"line":37,"column":4},"end":{"line":39,"column":null}}},"fnMap":{"0":{"name":"uninstall","decl":{"start":{"line":7,"column":16},"end":{"line":7,"column":26}},"loc":{"start":{"line":7,"column":42},"end":{"line":41,"column":null}},"line":7}},"branchMap":{"0":{"loc":{"start":{"line":9,"column":4},"end":{"line":12,"column":null}},"type":"if","locations":[{"start":{"line":9,"column":4},"end":{"line":12,"column":null}},{"start":{},"end":{}}],"line":9},"1":{"loc":{"start":{"line":16,"column":4},"end":{"line":19,"column":null}},"type":"if","locations":[{"start":{"line":16,"column":4},"end":{"line":19,"column":null}},{"start":{},"end":{}}],"line":16},"2":{"loc":{"start":{"line":27,"column":4},"end":{"line":30,"column":null}},"type":"if","locations":[{"start":{"line":27,"column":4},"end":{"line":30,"column":null}},{"start":{},"end":{}}],"line":27}},"s":{"0":4,"1":1,"2":1,"3":3,"4":3,"5":1,"6":1,"7":2,"8":2,"9":1,"10":1,"11":1,"12":1},"f":{"0":4},"b":{"0":[1,3],"1":[1,2],"2":[1,1]},"meta":{"lastBranch":3,"lastFunction":1,"lastStatement":13,"seen":{"f:7:16:7:26":0,"b:9:4:12:Infinity:undefined:undefined:undefined:undefined":0,"s:9:4:12:Infinity":0,"s:10:8:10:Infinity":1,"s:11:8:11:Infinity":2,"s:14:10:14:Infinity":3,"b:16:4:19:Infinity:undefined:undefined:undefined:undefined":1,"s:16:4:19:Infinity":4,"s:17:8:17:Infinity":5,"s:18:8:18:Infinity":6,"s:21:19:25:Infinity":7,"b:27:4:30:Infinity:undefined:undefined:undefined:undefined":2,"s:27:4:30:Infinity":8,"s:28:8:28:Infinity":9,"s:29:8:29:Infinity":10,"s:32:4:35:Infinity":11,"s:37:4:39:Infinity":12},"fnNames":{}}}
,"/Users/ryox/Documents/GitHub/ryo-engineering-framework/src/commands/update.ts": {"path":"/Users/ryox/Documents/GitHub/ryo-engineering-framework/src/commands/update.ts","statementMap":{"0":{"start":{"line":10,"column":4},"end":{"line":13,"column":null}},"1":{"start":{"line":11,"column":8},"end":{"line":11,"column":null}},"2":{"start":{"line":12,"column":8},"end":{"line":12,"column":null}},"3":{"start":{"line":15,"column":10},"end":{"line":15,"column":null}},"4":{"start":{"line":17,"column":4},"end":{"line":20,"column":null}},"5":{"start":{"line":18,"column":8},"end":{"line":18,"column":null}},"6":{"start":{"line":19,"column":8},"end":{"line":19,"column":null}},"7":{"start":{"line":22,"column":10},"end":{"line":26,"column":null}},"8":{"start":{"line":28,"column":19},"end":{"line":32,"column":null}},"9":{"start":{"line":34,"column":4},"end":{"line":37,"column":null}},"10":{"start":{"line":35,"column":8},"end":{"line":35,"column":null}},"11":{"start":{"line":36,"column":8},"end":{"line":36,"column":null}},"12":{"start":{"line":39,"column":4},"end":{"line":41,"column":null}},"13":{"start":{"line":40,"column":8},"end":{"line":40,"column":null}},"14":{"start":{"line":43,"column":4},"end":{"line":43,"column":null}},"15":{"start":{"line":45,"column":4},"end":{"line":47,"column":null}}},"fnMap":{"0":{"name":"update","decl":{"start":{"line":8,"column":16},"end":{"line":8,"column":23}},"loc":{"start":{"line":8,"column":39},"end":{"line":48,"column":null}},"line":8}},"branchMap":{"0":{"loc":{"start":{"line":10,"column":4},"end":{"line":13,"column":null}},"type":"if","locations":[{"start":{"line":10,"column":4},"end":{"line":13,"column":null}},{"start":{},"end":{}}],"line":10},"1":{"loc":{"start":{"line":17,"column":4},"end":{"line":20,"column":null}},"type":"if","locations":[{"start":{"line":17,"column":4},"end":{"line":20,"column":null}},{"start":{},"end":{}}],"line":17},"2":{"loc":{"start":{"line":34,"column":4},"end":{"line":37,"column":null}},"type":"if","locations":[{"start":{"line":34,"column":4},"end":{"line":37,"column":null}},{"start":{},"end":{}}],"line":34},"3":{"loc":{"start":{"line":39,"column":4},"end":{"line":41,"column":null}},"type":"if","locations":[{"start":{"line":39,"column":4},"end":{"line":41,"column":null}},{"start":{},"end":{}}],"line":39}},"s":{"0":2,"1":1,"2":1,"3":1,"4":1,"5":1,"6":1,"7":0,"8":0,"9":0,"10":0,"11":0,"12":0,"13":0,"14":0,"15":0},"f":{"0":2},"b":{"0":[1,1],"1":[1,0],"2":[0,0],"3":[0,0]},"meta":{"lastBranch":4,"lastFunction":1,"lastStatement":16,"seen":{"f:8:16:8:23":0,"b:10:4:13:Infinity:undefined:undefined:undefined:undefined":0,"s:10:4:13:Infinity":0,"s:11:8:11:Infinity":1,"s:12:8:12:Infinity":2,"s:15:10:15:Infinity":3,"b:17:4:20:Infinity:undefined:undefined:undefined:undefined":1,"s:17:4:20:Infinity":4,"s:18:8:18:Infinity":5,"s:19:8:19:Infinity":6,"s:22:10:26:Infinity":7,"s:28:19:32:Infinity":8,"b:34:4:37:Infinity:undefined:undefined:undefined:undefined":2,"s:34:4:37:Infinity":9,"s:35:8:35:Infinity":10,"s:36:8:36:Infinity":11,"b:39:4:41:Infinity:undefined:undefined:undefined:undefined":3,"s:39:4:41:Infinity":12,"s:40:8:40:Infinity":13,"s:43:4:43:Infinity":14,"s:45:4:47:Infinity":15},"fnNames":{}}}
,"/Users/ryox/Documents/GitHub/ryo-engineering-framework/src/commands/upgrade.ts": {"path":"/Users/ryox/Documents/GitHub/ryo-engineering-framework/src/commands/upgrade.ts","statementMap":{"0":{"start":{"line":6,"column":4},"end":{"line":6,"column":null}},"1":{"start":{"line":8,"column":10},"end":{"line":8,"column":null}},"2":{"start":{"line":11,"column":4},"end":{"line":21,"column":null}},"3":{"start":{"line":12,"column":8},"end":{"line":17,"column":null}},"4":{"start":{"line":19,"column":8},"end":{"line":19,"column":null}},"5":{"start":{"line":20,"column":8},"end":{"line":20,"column":null}},"6":{"start":{"line":23,"column":4},"end":{"line":26,"column":null}},"7":{"start":{"line":24,"column":8},"end":{"line":24,"column":null}},"8":{"start":{"line":25,"column":8},"end":{"line":25,"column":null}},"9":{"start":{"line":28,"column":4},"end":{"line":28,"column":null}},"10":{"start":{"line":29,"column":4},"end":{"line":29,"column":null}},"11":{"start":{"line":30,"column":4},"end":{"line":30,"column":null}},"12":{"start":{"line":31,"column":4},"end":{"line":31,"column":null}},"13":{"start":{"line":33,"column":4},"end":{"line":43,"column":null}},"14":{"start":{"line":34,"column":8},"end":{"line":37,"column":null}},"15":{"start":{"line":38,"column":8},"end":{"line":38,"column":null}},"16":{"start":{"line":40,"column":8},"end":{"line":42,"column":null}}},"fnMap":{"0":{"name":"upgrade","decl":{"start":{"line":5,"column":16},"end":{"line":5,"column":26}},"loc":{"start":{"line":5,"column":26},"end":{"line":44,"column":null}},"line":5}},"branchMap":{"0":{"loc":{"start":{"line":23,"column":4},"end":{"line":26,"column":null}},"type":"if","locations":[{"start":{"line":23,"column":4},"end":{"line":26,"column":null}},{"start":{},"end":{}}],"line":23}},"s":{"0":3,"1":3,"2":3,"3":3,"4":1,"5":1,"6":2,"7":1,"8":1,"9":1,"10":1,"11":1,"12":1,"13":1,"14":1,"15":1,"16":1},"f":{"0":3},"b":{"0":[1,1]},"meta":{"lastBranch":1,"lastFunction":1,"lastStatement":17,"seen":{"f:5:16:5:26":0,"s:6:4:6:Infinity":0,"s:8:10:8:Infinity":1,"s:11:4:21:Infinity":2,"s:12:8:17:Infinity":3,"s:19:8:19:Infinity":4,"s:20:8:20:Infinity":5,"b:23:4:26:Infinity:undefined:undefined:undefined:undefined":0,"s:23:4:26:Infinity":6,"s:24:8:24:Infinity":7,"s:25:8:25:Infinity":8,"s:28:4:28:Infinity":9,"s:29:4:29:Infinity":10,"s:30:4:30:Infinity":11,"s:31:4:31:Infinity":12,"s:33:4:43:Infinity":13,"s:34:8:37:Infinity":14,"s:38:8:38:Infinity":15,"s:40:8:42:Infinity":16},"fnNames":{}}}
,"/Users/ryox/Documents/GitHub/ryo-engineering-framework/src/commands/validate.ts": {"path":"/Users/ryox/Documents/GitHub/ryo-engineering-framework/src/commands/validate.ts","statementMap":{"0":{"start":{"line":10,"column":4},"end":{"line":10,"column":null}},"1":{"start":{"line":11,"column":4},"end":{"line":11,"column":null}},"2":{"start":{"line":12,"column":4},"end":{"line":12,"column":null}},"3":{"start":{"line":14,"column":10},"end":{"line":14,"column":null}},"4":{"start":{"line":16,"column":16},"end":{"line":16,"column":null}},"5":{"start":{"line":17,"column":18},"end":{"line":17,"column":null}},"6":{"start":{"line":19,"column":4},"end":{"line":59,"column":null}},"7":{"start":{"line":21,"column":29},"end":{"line":21,"column":null}},"8":{"start":{"line":23,"column":14},"end":{"line":23,"column":null}},"9":{"start":{"line":25,"column":8},"end":{"line":58,"column":null}},"10":{"start":{"line":27,"column":30},"end":{"line":27,"column":null}},"11":{"start":{"line":29,"column":21},"end":{"line":29,"column":null}},"12":{"start":{"line":31,"column":12},"end":{"line":38,"column":null}},"13":{"start":{"line":33,"column":33},"end":{"line":33,"column":null}},"14":{"start":{"line":35,"column":16},"end":{"line":37,"column":null}},"15":{"start":{"line":36,"column":20},"end":{"line":36,"column":null}},"16":{"start":{"line":40,"column":12},"end":{"line":57,"column":null}},"17":{"start":{"line":41,"column":16},"end":{"line":41,"column":null}},"18":{"start":{"line":42,"column":16},"end":{"line":42,"column":null}},"19":{"start":{"line":45,"column":16},"end":{"line":45,"column":null}},"20":{"start":{"line":47,"column":16},"end":{"line":54,"column":null}},"21":{"start":{"line":49,"column":37},"end":{"line":49,"column":null}},"22":{"start":{"line":51,"column":20},"end":{"line":53,"column":null}},"23":{"start":{"line":52,"column":24},"end":{"line":52,"column":null}},"24":{"start":{"line":56,"column":16},"end":{"line":56,"column":null}},"25":{"start":{"line":61,"column":4},"end":{"line":61,"column":null}},"26":{"start":{"line":62,"column":4},"end":{"line":62,"column":null}},"27":{"start":{"line":63,"column":4},"end":{"line":63,"column":null}},"28":{"start":{"line":64,"column":4},"end":{"line":64,"column":null}},"29":{"start":{"line":65,"column":4},"end":{"line":65,"column":null}}},"fnMap":{"0":{"name":"validate","decl":{"start":{"line":8,"column":16},"end":{"line":8,"column":27}},"loc":{"start":{"line":8,"column":27},"end":{"line":66,"column":null}},"line":8}},"branchMap":{"0":{"loc":{"start":{"line":35,"column":16},"end":{"line":37,"column":null}},"type":"if","locations":[{"start":{"line":35,"column":16},"end":{"line":37,"column":null}},{"start":{},"end":{}}],"line":35},"1":{"loc":{"start":{"line":40,"column":12},"end":{"line":57,"column":null}},"type":"if","locations":[{"start":{"line":40,"column":12},"end":{"line":57,"column":null}},{"start":{"line":43,"column":19},"end":{"line":57,"column":null}}],"line":40},"2":{"loc":{"start":{"line":51,"column":20},"end":{"line":53,"column":null}},"type":"if","locations":[{"start":{"line":51,"column":20},"end":{"line":53,"column":null}},{"start":{},"end":{}}],"line":51},"3":{"loc":{"start":{"line":63,"column":55},"end":{"line":63,"column":136}},"type":"cond-expr","locations":[{"start":{"line":63,"column":69},"end":{"line":63,"column":102}},{"start":{"line":63,"column":102},"end":{"line":63,"column":136}}],"line":63}},"s":{"0":3,"1":3,"2":3,"3":3,"4":3,"5":3,"6":3,"7":2,"8":2,"9":2,"10":3,"11":3,"12":3,"13":12,"14":12,"15":6,"16":3,"17":1,"18":1,"19":2,"20":2,"21":8,"22":8,"23":6,"24":2,"25":3,"26":3,"27":3,"28":3,"29":3},"f":{"0":3},"b":{"0":[6,6],"1":[1,2],"2":[6,2],"3":[2,1]},"meta":{"lastBranch":4,"lastFunction":1,"lastStatement":30,"seen":{"f:8:16:8:27":0,"s:10:4:10:Infinity":0,"s:11:4:11:Infinity":1,"s:12:4:12:Infinity":2,"s:14:10:14:Infinity":3,"s:16:16:16:Infinity":4,"s:17:18:17:Infinity":5,"s:19:4:59:Infinity":6,"s:21:29:21:Infinity":7,"s:23:14:23:Infinity":8,"s:25:8:58:Infinity":9,"s:27:30:27:Infinity":10,"s:29:21:29:Infinity":11,"s:31:12:38:Infinity":12,"s:33:33:33:Infinity":13,"b:35:16:37:Infinity:undefined:undefined:undefined:undefined":0,"s:35:16:37:Infinity":14,"s:36:20:36:Infinity":15,"b:40:12:57:Infinity:43:19:57:Infinity":1,"s:40:12:57:Infinity":16,"s:41:16:41:Infinity":17,"s:42:16:42:Infinity":18,"s:45:16:45:Infinity":19,"s:47:16:54:Infinity":20,"s:49:37:49:Infinity":21,"b:51:20:53:Infinity:undefined:undefined:undefined:undefined":2,"s:51:20:53:Infinity":22,"s:52:24:52:Infinity":23,"s:56:16:56:Infinity":24,"s:61:4:61:Infinity":25,"s:62:4:62:Infinity":26,"s:63:4:63:Infinity":27,"b:63:69:63:102:63:102:63:136":3,"s:64:4:64:Infinity":28,"s:65:4:65:Infinity":29},"fnNames":{}}}
,"/Users/ryox/Documents/GitHub/ryo-engineering-framework/src/commands/version.ts": {"path":"/Users/ryox/Documents/GitHub/ryo-engineering-framework/src/commands/version.ts","statementMap":{"0":{"start":{"line":5,"column":4},"end":{"line":5,"column":null}},"1":{"start":{"line":5,"column":16},"end":{"line":5,"column":null}},"2":{"start":{"line":6,"column":4},"end":{"line":6,"column":null}},"3":{"start":{"line":7,"column":4},"end":{"line":7,"column":null}}},"fnMap":{"0":{"name":"version","decl":{"start":{"line":4,"column":16},"end":{"line":4,"column":24}},"loc":{"start":{"line":4,"column":45},"end":{"line":8,"column":null}},"line":4}},"branchMap":{"0":{"loc":{"start":{"line":5,"column":4},"end":{"line":5,"column":null}},"type":"if","locations":[{"start":{"line":5,"column":4},"end":{"line":5,"column":null}},{"start":{},"end":{}}],"line":5}},"s":{"0":1,"1":0,"2":1,"3":1},"f":{"0":1},"b":{"0":[0,1]},"meta":{"lastBranch":1,"lastFunction":1,"lastStatement":4,"seen":{"f:4:16:4:24":0,"b:5:4:5:Infinity:undefined:undefined:undefined:undefined":0,"s:5:4:5:Infinity":0,"s:5:16:5:Infinity":1,"s:6:4:6:Infinity":2,"s:7:4:7:Infinity":3},"fnNames":{}}}
,"/Users/ryox/Documents/GitHub/ryo-engineering-framework/src/constants/requiredFiles.ts": {"path":"/Users/ryox/Documents/GitHub/ryo-engineering-framework/src/constants/requiredFiles.ts","statementMap":{"0":{"start":{"line":1,"column":30},"end":{"line":6,"column":null}}},"fnMap":{},"branchMap":{},"s":{"0":1},"f":{},"b":{},"meta":{"lastBranch":0,"lastFunction":0,"lastStatement":1,"seen":{"s:1:30:6:Infinity":0},"fnNames":{}}}
,"/Users/ryox/Documents/GitHub/ryo-engineering-framework/src/registry/loadRegistry.ts": {"path":"/Users/ryox/Documents/GitHub/ryo-engineering-framework/src/registry/loadRegistry.ts","statementMap":{"0":{"start":{"line":15,"column":36},"end":{"line":15,"column":null}},"1":{"start":{"line":18,"column":4},"end":{"line":18,"column":null}},"2":{"start":{"line":22,"column":4},"end":{"line":22,"column":null}},"3":{"start":{"line":22,"column":15},"end":{"line":22,"column":null}},"4":{"start":{"line":24,"column":25},"end":{"line":24,"column":null}},"5":{"start":{"line":26,"column":4},"end":{"line":29,"column":null}},"6":{"start":{"line":27,"column":8},"end":{"line":27,"column":null}},"7":{"start":{"line":28,"column":8},"end":{"line":28,"column":null}},"8":{"start":{"line":31,"column":4},"end":{"line":39,"column":null}},"9":{"start":{"line":32,"column":24},"end":{"line":32,"column":null}},"10":{"start":{"line":33,"column":39},"end":{"line":33,"column":null}},"11":{"start":{"line":34,"column":8},"end":{"line":34,"column":null}},"12":{"start":{"line":35,"column":8},"end":{"line":35,"column":null}},"13":{"start":{"line":37,"column":8},"end":{"line":37,"column":null}},"14":{"start":{"line":38,"column":8},"end":{"line":38,"column":null}},"15":{"start":{"line":43,"column":4},"end":{"line":43,"column":null}},"16":{"start":{"line":43,"column":36},"end":{"line":43,"column":51}},"17":{"start":{"line":47,"column":15},"end":{"line":47,"column":null}},"18":{"start":{"line":48,"column":4},"end":{"line":51,"column":null}},"19":{"start":{"line":49,"column":8},"end":{"line":50,"column":null}},"20":{"start":{"line":55,"column":4},"end":{"line":55,"column":null}}},"fnMap":{"0":{"name":"getRegistryPath","decl":{"start":{"line":17,"column":16},"end":{"line":17,"column":42}},"loc":{"start":{"line":17,"column":42},"end":{"line":19,"column":null}},"line":17},"1":{"name":"loadRegistry","decl":{"start":{"line":21,"column":16},"end":{"line":21,"column":48}},"loc":{"start":{"line":21,"column":48},"end":{"line":40,"column":null}},"line":21},"2":{"name":"findInRegistry","decl":{"start":{"line":42,"column":16},"end":{"line":42,"column":31}},"loc":{"start":{"line":42,"column":72},"end":{"line":44,"column":null}},"line":42},"3":{"name":"(anonymous_3)","decl":{"start":{"line":43,"column":26},"end":{"line":43,"column":31}},"loc":{"start":{"line":43,"column":36},"end":{"line":43,"column":51}},"line":43},"4":{"name":"searchInRegistry","decl":{"start":{"line":46,"column":16},"end":{"line":46,"column":33}},"loc":{"start":{"line":46,"column":67},"end":{"line":52,"column":null}},"line":46},"5":{"name":"(anonymous_5)","decl":{"start":{"line":48,"column":26},"end":{"line":48,"column":33}},"loc":{"start":{"line":49,"column":8},"end":{"line":50,"column":null}},"line":49},"6":{"name":"clearRegistryCache","decl":{"start":{"line":54,"column":16},"end":{"line":54,"column":43}},"loc":{"start":{"line":54,"column":43},"end":{"line":56,"column":null}},"line":54}},"branchMap":{"0":{"loc":{"start":{"line":22,"column":4},"end":{"line":22,"column":null}},"type":"if","locations":[{"start":{"line":22,"column":4},"end":{"line":22,"column":null}},{"start":{},"end":{}}],"line":22},"1":{"loc":{"start":{"line":26,"column":4},"end":{"line":29,"column":null}},"type":"if","locations":[{"start":{"line":26,"column":4},"end":{"line":29,"column":null}},{"start":{},"end":{}}],"line":26},"2":{"loc":{"start":{"line":49,"column":8},"end":{"line":50,"column":null}},"type":"binary-expr","locations":[{"start":{"line":49,"column":8},"end":{"line":49,"column":null}},{"start":{"line":50,"column":8},"end":{"line":50,"column":null}}],"line":49}},"s":{"0":5,"1":7,"2":14,"3":7,"4":7,"5":7,"6":1,"7":1,"8":6,"9":6,"10":6,"11":6,"12":6,"13":1,"14":1,"15":8,"16":167,"17":3,"18":3,"19":162,"20":3},"f":{"0":7,"1":14,"2":8,"3":167,"4":3,"5":162,"6":3},"b":{"0":[7,7],"1":[1,6],"2":[162,160]},"meta":{"lastBranch":3,"lastFunction":7,"lastStatement":21,"seen":{"s:15:36:15:Infinity":0,"f:17:16:17:42":0,"s:18:4:18:Infinity":1,"f:21:16:21:48":1,"b:22:4:22:Infinity:undefined:undefined:undefined:undefined":0,"s:22:4:22:Infinity":2,"s:22:15:22:Infinity":3,"s:24:25:24:Infinity":4,"b:26:4:29:Infinity:undefined:undefined:undefined:undefined":1,"s:26:4:29:Infinity":5,"s:27:8:27:Infinity":6,"s:28:8:28:Infinity":7,"s:31:4:39:Infinity":8,"s:32:24:32:Infinity":9,"s:33:39:33:Infinity":10,"s:34:8:34:Infinity":11,"s:35:8:35:Infinity":12,"s:37:8:37:Infinity":13,"s:38:8:38:Infinity":14,"f:42:16:42:31":2,"s:43:4:43:Infinity":15,"f:43:26:43:31":3,"s:43:36:43:51":16,"f:46:16:46:33":4,"s:47:15:47:Infinity":17,"s:48:4:51:Infinity":18,"f:48:26:48:33":5,"s:49:8:50:Infinity":19,"b:49:8:49:Infinity:50:8:50:Infinity":2,"f:54:16:54:43":6,"s:55:4:55:Infinity":20},"fnNames":{}}}
,"/Users/ryox/Documents/GitHub/ryo-engineering-framework/src/skills/loadMetadata.ts": {"path":"/Users/ryox/Documents/GitHub/ryo-engineering-framework/src/skills/loadMetadata.ts","statementMap":{"0":{"start":{"line":7,"column":25},"end":{"line":7,"column":null}},"1":{"start":{"line":9,"column":4},"end":{"line":11,"column":null}},"2":{"start":{"line":10,"column":8},"end":{"line":10,"column":null}},"3":{"start":{"line":13,"column":4},"end":{"line":27,"column":null}},"4":{"start":{"line":15,"column":24},"end":{"line":15,"column":null}},"5":{"start":{"line":17,"column":8},"end":{"line":19,"column":null}},"6":{"start":{"line":18,"column":12},"end":{"line":18,"column":null}},"7":{"start":{"line":21,"column":8},"end":{"line":21,"column":null}},"8":{"start":{"line":25,"column":8},"end":{"line":25,"column":null}}},"fnMap":{"0":{"name":"loadMetadata","decl":{"start":{"line":5,"column":16},"end":{"line":5,"column":29}},"loc":{"start":{"line":5,"column":73},"end":{"line":29,"column":null}},"line":5}},"branchMap":{"0":{"loc":{"start":{"line":9,"column":4},"end":{"line":11,"column":null}},"type":"if","locations":[{"start":{"line":9,"column":4},"end":{"line":11,"column":null}},{"start":{},"end":{}}],"line":9},"1":{"loc":{"start":{"line":17,"column":8},"end":{"line":19,"column":null}},"type":"if","locations":[{"start":{"line":17,"column":8},"end":{"line":19,"column":null}},{"start":{},"end":{}}],"line":17},"2":{"loc":{"start":{"line":21,"column":8},"end":{"line":21,"column":null}},"type":"binary-expr","locations":[{"start":{"line":21,"column":8},"end":{"line":21,"column":33}},{"start":{"line":21,"column":33},"end":{"line":21,"column":null}}],"line":21}},"s":{"0":6,"1":6,"2":2,"3":4,"4":4,"5":4,"6":1,"7":2,"8":2},"f":{"0":6},"b":{"0":[2,4],"1":[1,3],"2":[2,0]},"meta":{"lastBranch":3,"lastFunction":1,"lastStatement":9,"seen":{"f:5:16:5:29":0,"s:7:25:7:Infinity":0,"b:9:4:11:Infinity:undefined:undefined:undefined:undefined":0,"s:9:4:11:Infinity":1,"s:10:8:10:Infinity":2,"s:13:4:27:Infinity":3,"s:15:24:15:Infinity":4,"b:17:8:19:Infinity:undefined:undefined:undefined:undefined":1,"s:17:8:19:Infinity":5,"s:18:12:18:Infinity":6,"s:21:8:21:Infinity":7,"b:21:8:21:33:21:33:21:Infinity":2,"s:25:8:25:Infinity":8},"fnNames":{}}}
,"/Users/ryox/Documents/GitHub/ryo-engineering-framework/src/skills/loadSkills.ts": {"path":"/Users/ryox/Documents/GitHub/ryo-engineering-framework/src/skills/loadSkills.ts","statementMap":{"0":{"start":{"line":20,"column":28},"end":{"line":20,"column":null}},"1":{"start":{"line":23,"column":4},"end":{"line":23,"column":null}},"2":{"start":{"line":23,"column":15},"end":{"line":23,"column":null}},"3":{"start":{"line":25,"column":17},"end":{"line":25,"column":null}},"4":{"start":{"line":26,"column":28},"end":{"line":26,"column":null}},"5":{"start":{"line":28,"column":4},"end":{"line":31,"column":null}},"6":{"start":{"line":29,"column":8},"end":{"line":29,"column":null}},"7":{"start":{"line":30,"column":8},"end":{"line":30,"column":null}},"8":{"start":{"line":33,"column":23},"end":{"line":33,"column":null}},"9":{"start":{"line":35,"column":4},"end":{"line":66,"column":null}},"10":{"start":{"line":38,"column":8},"end":{"line":40,"column":null}},"11":{"start":{"line":39,"column":12},"end":{"line":39,"column":null}},"12":{"start":{"line":42,"column":29},"end":{"line":42,"column":null}},"13":{"start":{"line":44,"column":8},"end":{"line":46,"column":null}},"14":{"start":{"line":45,"column":12},"end":{"line":45,"column":null}},"15":{"start":{"line":48,"column":23},"end":{"line":48,"column":null}},"16":{"start":{"line":50,"column":8},"end":{"line":65,"column":null}},"17":{"start":{"line":52,"column":30},"end":{"line":52,"column":null}},"18":{"start":{"line":55,"column":12},"end":{"line":57,"column":null}},"19":{"start":{"line":56,"column":16},"end":{"line":56,"column":null}},"20":{"start":{"line":59,"column":12},"end":{"line":64,"column":null}},"21":{"start":{"line":68,"column":4},"end":{"line":68,"column":null}},"22":{"start":{"line":69,"column":4},"end":{"line":69,"column":null}},"23":{"start":{"line":73,"column":4},"end":{"line":73,"column":null}}},"fnMap":{"0":{"name":"loadSkills","decl":{"start":{"line":22,"column":16},"end":{"line":22,"column":38}},"loc":{"start":{"line":22,"column":38},"end":{"line":70,"column":null}},"line":22},"1":{"name":"clearSkillsCache","decl":{"start":{"line":72,"column":16},"end":{"line":72,"column":41}},"loc":{"start":{"line":72,"column":41},"end":{"line":74,"column":null}},"line":72}},"branchMap":{"0":{"loc":{"start":{"line":23,"column":4},"end":{"line":23,"column":null}},"type":"if","locations":[{"start":{"line":23,"column":4},"end":{"line":23,"column":null}},{"start":{},"end":{}}],"line":23},"1":{"loc":{"start":{"line":28,"column":4},"end":{"line":31,"column":null}},"type":"if","locations":[{"start":{"line":28,"column":4},"end":{"line":31,"column":null}},{"start":{},"end":{}}],"line":28},"2":{"loc":{"start":{"line":38,"column":8},"end":{"line":40,"column":null}},"type":"if","locations":[{"start":{"line":38,"column":8},"end":{"line":40,"column":null}},{"start":{},"end":{}}],"line":38},"3":{"loc":{"start":{"line":44,"column":8},"end":{"line":46,"column":null}},"type":"if","locations":[{"start":{"line":44,"column":8},"end":{"line":46,"column":null}},{"start":{},"end":{}}],"line":44},"4":{"loc":{"start":{"line":55,"column":12},"end":{"line":57,"column":null}},"type":"if","locations":[{"start":{"line":55,"column":12},"end":{"line":57,"column":null}},{"start":{},"end":{}}],"line":55}},"s":{"0":4,"1":10,"2":0,"3":10,"4":10,"5":10,"6":2,"7":2,"8":8,"9":8,"10":12,"11":1,"12":11,"13":11,"14":1,"15":10,"16":10,"17":4,"18":4,"19":1,"20":3,"21":8,"22":8,"23":9},"f":{"0":10,"1":9},"b":{"0":[0,10],"1":[2,8],"2":[1,11],"3":[1,10],"4":[1,3]},"meta":{"lastBranch":5,"lastFunction":2,"lastStatement":24,"seen":{"s:20:28:20:Infinity":0,"f:22:16:22:38":0,"b:23:4:23:Infinity:undefined:undefined:undefined:undefined":0,"s:23:4:23:Infinity":1,"s:23:15:23:Infinity":2,"s:25:17:25:Infinity":3,"s:26:28:26:Infinity":4,"b:28:4:31:Infinity:undefined:undefined:undefined:undefined":1,"s:28:4:31:Infinity":5,"s:29:8:29:Infinity":6,"s:30:8:30:Infinity":7,"s:33:23:33:Infinity":8,"s:35:4:66:Infinity":9,"b:38:8:40:Infinity:undefined:undefined:undefined:undefined":2,"s:38:8:40:Infinity":10,"s:39:12:39:Infinity":11,"s:42:29:42:Infinity":12,"b:44:8:46:Infinity:undefined:undefined:undefined:undefined":3,"s:44:8:46:Infinity":13,"s:45:12:45:Infinity":14,"s:48:23:48:Infinity":15,"s:50:8:65:Infinity":16,"s:52:30:52:Infinity":17,"b:55:12:57:Infinity:undefined:undefined:undefined:undefined":4,"s:55:12:57:Infinity":18,"s:56:16:56:Infinity":19,"s:59:12:64:Infinity":20,"s:68:4:68:Infinity":21,"s:69:4:69:Infinity":22,"f:72:16:72:41":1,"s:73:4:73:Infinity":23},"fnNames":{}}}
,"/Users/ryox/Documents/GitHub/ryo-engineering-framework/src/utils/config.ts": {"path":"/Users/ryox/Documents/GitHub/ryo-engineering-framework/src/utils/config.ts","statementMap":{"0":{"start":{"line":10,"column":37},"end":{"line":10,"column":null}},"1":{"start":{"line":13,"column":18},"end":{"line":13,"column":null}},"2":{"start":{"line":14,"column":17},"end":{"line":14,"column":null}},"3":{"start":{"line":15,"column":16},"end":{"line":15,"column":null}},"4":{"start":{"line":16,"column":22},"end":{"line":16,"column":null}},"5":{"start":{"line":18,"column":4},"end":{"line":25,"column":null}},"6":{"start":{"line":19,"column":27},"end":{"line":19,"column":null}},"7":{"start":{"line":20,"column":8},"end":{"line":22,"column":null}},"8":{"start":{"line":21,"column":12},"end":{"line":21,"column":null}},"9":{"start":{"line":23,"column":8},"end":{"line":23,"column":null}},"10":{"start":{"line":24,"column":8},"end":{"line":24,"column":null}},"11":{"start":{"line":27,"column":4},"end":{"line":27,"column":null}},"12":{"start":{"line":31,"column":4},"end":{"line":31,"column":null}},"13":{"start":{"line":31,"column":22},"end":{"line":31,"column":null}},"14":{"start":{"line":33,"column":23},"end":{"line":33,"column":null}},"15":{"start":{"line":35,"column":4},"end":{"line":38,"column":null}},"16":{"start":{"line":36,"column":8},"end":{"line":36,"column":null}},"17":{"start":{"line":37,"column":8},"end":{"line":37,"column":null}},"18":{"start":{"line":40,"column":4},"end":{"line":47,"column":null}},"19":{"start":{"line":41,"column":24},"end":{"line":41,"column":null}},"20":{"start":{"line":42,"column":8},"end":{"line":42,"column":null}},"21":{"start":{"line":43,"column":8},"end":{"line":43,"column":null}},"22":{"start":{"line":45,"column":8},"end":{"line":45,"column":null}},"23":{"start":{"line":46,"column":8},"end":{"line":46,"column":null}},"24":{"start":{"line":51,"column":4},"end":{"line":51,"column":null}},"25":{"start":{"line":55,"column":4},"end":{"line":55,"column":null}}},"fnMap":{"0":{"name":"findConfigPath","decl":{"start":{"line":12,"column":9},"end":{"line":12,"column":41}},"loc":{"start":{"line":12,"column":41},"end":{"line":28,"column":null}},"line":12},"1":{"name":"loadConfig","decl":{"start":{"line":30,"column":16},"end":{"line":30,"column":40}},"loc":{"start":{"line":30,"column":40},"end":{"line":48,"column":null}},"line":30},"2":{"name":"getConfig","decl":{"start":{"line":50,"column":16},"end":{"line":50,"column":39}},"loc":{"start":{"line":50,"column":39},"end":{"line":52,"column":null}},"line":50},"3":{"name":"clearConfigCache","decl":{"start":{"line":54,"column":16},"end":{"line":54,"column":41}},"loc":{"start":{"line":54,"column":41},"end":{"line":56,"column":null}},"line":54}},"branchMap":{"0":{"loc":{"start":{"line":18,"column":11},"end":{"line":18,"column":50}},"type":"binary-expr","locations":[{"start":{"line":18,"column":11},"end":{"line":18,"column":31}},{"start":{"line":18,"column":31},"end":{"line":18,"column":50}}],"line":18},"1":{"loc":{"start":{"line":20,"column":8},"end":{"line":22,"column":null}},"type":"if","locations":[{"start":{"line":20,"column":8},"end":{"line":22,"column":null}},{"start":{},"end":{}}],"line":20},"2":{"loc":{"start":{"line":31,"column":4},"end":{"line":31,"column":null}},"type":"if","locations":[{"start":{"line":31,"column":4},"end":{"line":31,"column":null}},{"start":{},"end":{}}],"line":31},"3":{"loc":{"start":{"line":35,"column":4},"end":{"line":38,"column":null}},"type":"if","locations":[{"start":{"line":35,"column":4},"end":{"line":38,"column":null}},{"start":{},"end":{}}],"line":35},"4":{"loc":{"start":{"line":51,"column":11},"end":{"line":51,"column":null}},"type":"binary-expr","locations":[{"start":{"line":51,"column":11},"end":{"line":51,"column":27}},{"start":{"line":51,"column":27},"end":{"line":51,"column":null}}],"line":51}},"s":{"0":1,"1":5,"2":5,"3":5,"4":5,"5":5,"6":5,"7":5,"8":4,"9":1,"10":1,"11":1,"12":6,"13":1,"14":5,"15":5,"16":1,"17":1,"18":4,"19":4,"20":4,"21":4,"22":1,"23":1,"24":1,"25":10},"f":{"0":5,"1":6,"2":1,"3":10},"b":{"0":[5,5],"1":[4,1],"2":[1,5],"3":[1,4],"4":[1,1]},"meta":{"lastBranch":5,"lastFunction":4,"lastStatement":26,"seen":{"s:10:37:10:Infinity":0,"f:12:9:12:41":0,"s:13:18:13:Infinity":1,"s:14:17:14:Infinity":2,"s:15:16:15:Infinity":3,"s:16:22:16:Infinity":4,"s:18:4:25:Infinity":5,"b:18:11:18:31:18:31:18:50":0,"s:19:27:19:Infinity":6,"b:20:8:22:Infinity:undefined:undefined:undefined:undefined":1,"s:20:8:22:Infinity":7,"s:21:12:21:Infinity":8,"s:23:8:23:Infinity":9,"s:24:8:24:Infinity":10,"s:27:4:27:Infinity":11,"f:30:16:30:40":1,"b:31:4:31:Infinity:undefined:undefined:undefined:undefined":2,"s:31:4:31:Infinity":12,"s:31:22:31:Infinity":13,"s:33:23:33:Infinity":14,"b:35:4:38:Infinity:undefined:undefined:undefined:undefined":3,"s:35:4:38:Infinity":15,"s:36:8:36:Infinity":16,"s:37:8:37:Infinity":17,"s:40:4:47:Infinity":18,"s:41:24:41:Infinity":19,"s:42:8:42:Infinity":20,"s:43:8:43:Infinity":21,"s:45:8:45:Infinity":22,"s:46:8:46:Infinity":23,"f:50:16:50:39":2,"s:51:4:51:Infinity":24,"b:51:11:51:27:51:27:51:Infinity":4,"f:54:16:54:41":3,"s:55:4:55:Infinity":25},"fnNames":{}}}
,"/Users/ryox/Documents/GitHub/ryo-engineering-framework/src/utils/fs.ts": {"path":"/Users/ryox/Documents/GitHub/ryo-engineering-framework/src/utils/fs.ts","statementMap":{"0":{"start":{"line":6,"column":4},"end":{"line":10,"column":null}},"1":{"start":{"line":7,"column":8},"end":{"line":7,"column":null}},"2":{"start":{"line":9,"column":8},"end":{"line":9,"column":null}},"3":{"start":{"line":14,"column":4},"end":{"line":18,"column":null}},"4":{"start":{"line":15,"column":8},"end":{"line":15,"column":null}},"5":{"start":{"line":17,"column":8},"end":{"line":17,"column":null}},"6":{"start":{"line":22,"column":4},"end":{"line":27,"column":null}},"7":{"start":{"line":23,"column":8},"end":{"line":23,"column":null}},"8":{"start":{"line":25,"column":8},"end":{"line":25,"column":null}},"9":{"start":{"line":26,"column":8},"end":{"line":26,"column":null}},"10":{"start":{"line":31,"column":4},"end":{"line":36,"column":null}},"11":{"start":{"line":32,"column":8},"end":{"line":32,"column":null}},"12":{"start":{"line":34,"column":8},"end":{"line":34,"column":null}},"13":{"start":{"line":35,"column":8},"end":{"line":35,"column":null}}},"fnMap":{"0":{"name":"safeExistsSync","decl":{"start":{"line":5,"column":16},"end":{"line":5,"column":31}},"loc":{"start":{"line":5,"column":54},"end":{"line":11,"column":null}},"line":5},"1":{"name":"safeReadDirSync","decl":{"start":{"line":13,"column":16},"end":{"line":13,"column":32}},"loc":{"start":{"line":13,"column":56},"end":{"line":19,"column":null}},"line":13},"2":{"name":"copyDirectorySync","decl":{"start":{"line":21,"column":16},"end":{"line":21,"column":34}},"loc":{"start":{"line":21,"column":67},"end":{"line":28,"column":null}},"line":21},"3":{"name":"removeDirectorySync","decl":{"start":{"line":30,"column":16},"end":{"line":30,"column":36}},"loc":{"start":{"line":30,"column":56},"end":{"line":37,"column":null}},"line":30}},"branchMap":{},"s":{"0":35,"1":35,"2":1,"3":11,"4":11,"5":3,"6":2,"7":2,"8":1,"9":1,"10":2,"11":2,"12":1,"13":1},"f":{"0":35,"1":11,"2":2,"3":2},"b":{},"meta":{"lastBranch":0,"lastFunction":4,"lastStatement":14,"seen":{"f:5:16:5:31":0,"s:6:4:10:Infinity":0,"s:7:8:7:Infinity":1,"s:9:8:9:Infinity":2,"f:13:16:13:32":1,"s:14:4:18:Infinity":3,"s:15:8:15:Infinity":4,"s:17:8:17:Infinity":5,"f:21:16:21:34":2,"s:22:4:27:Infinity":6,"s:23:8:23:Infinity":7,"s:25:8:25:Infinity":8,"s:26:8:26:Infinity":9,"f:30:16:30:36":3,"s:31:4:36:Infinity":10,"s:32:8:32:Infinity":11,"s:34:8:34:Infinity":12,"s:35:8:35:Infinity":13},"fnNames":{}}}
,"/Users/ryox/Documents/GitHub/ryo-engineering-framework/src/utils/logger.ts": {"path":"/Users/ryox/Documents/GitHub/ryo-engineering-framework/src/utils/logger.ts","statementMap":{"0":{"start":{"line":3,"column":14},"end":{"line":3,"column":null}},"1":{"start":{"line":6,"column":4},"end":{"line":6,"column":null}},"2":{"start":{"line":10,"column":4},"end":{"line":10,"column":null}},"3":{"start":{"line":13,"column":22},"end":{"line":43,"column":null}},"4":{"start":{"line":15,"column":8},"end":{"line":15,"column":null}},"5":{"start":{"line":19,"column":8},"end":{"line":19,"column":null}},"6":{"start":{"line":23,"column":8},"end":{"line":23,"column":null}},"7":{"start":{"line":27,"column":8},"end":{"line":27,"column":null}},"8":{"start":{"line":31,"column":8},"end":{"line":31,"column":null}},"9":{"start":{"line":35,"column":8},"end":{"line":35,"column":null}},"10":{"start":{"line":39,"column":8},"end":{"line":41,"column":null}},"11":{"start":{"line":40,"column":12},"end":{"line":40,"column":null}}},"fnMap":{"0":{"name":"setVerbose","decl":{"start":{"line":5,"column":16},"end":{"line":5,"column":27}},"loc":{"start":{"line":5,"column":45},"end":{"line":7,"column":null}},"line":5},"1":{"name":"isVerbose","decl":{"start":{"line":9,"column":16},"end":{"line":9,"column":37}},"loc":{"start":{"line":9,"column":37},"end":{"line":11,"column":null}},"line":9},"2":{"name":"info","decl":{"start":{"line":14,"column":4},"end":{"line":14,"column":9}},"loc":{"start":{"line":14,"column":26},"end":{"line":16,"column":null}},"line":14},"3":{"name":"success","decl":{"start":{"line":18,"column":4},"end":{"line":18,"column":12}},"loc":{"start":{"line":18,"column":29},"end":{"line":20,"column":null}},"line":18},"4":{"name":"warning","decl":{"start":{"line":22,"column":4},"end":{"line":22,"column":12}},"loc":{"start":{"line":22,"column":29},"end":{"line":24,"column":null}},"line":22},"5":{"name":"error","decl":{"start":{"line":26,"column":4},"end":{"line":26,"column":10}},"loc":{"start":{"line":26,"column":27},"end":{"line":28,"column":null}},"line":26},"6":{"name":"plain","decl":{"start":{"line":30,"column":4},"end":{"line":30,"column":10}},"loc":{"start":{"line":30,"column":27},"end":{"line":32,"column":null}},"line":30},"7":{"name":"blank","decl":{"start":{"line":34,"column":4},"end":{"line":34,"column":12}},"loc":{"start":{"line":34,"column":12},"end":{"line":36,"column":null}},"line":34},"8":{"name":"debug","decl":{"start":{"line":38,"column":4},"end":{"line":38,"column":10}},"loc":{"start":{"line":38,"column":27},"end":{"line":42,"column":null}},"line":38}},"branchMap":{"0":{"loc":{"start":{"line":39,"column":8},"end":{"line":41,"column":null}},"type":"if","locations":[{"start":{"line":39,"column":8},"end":{"line":41,"column":null}},{"start":{},"end":{}}],"line":39}},"s":{"0":19,"1":4,"2":2,"3":19,"4":19,"5":6,"6":9,"7":21,"8":68,"9":44,"10":2,"11":1},"f":{"0":4,"1":2,"2":19,"3":6,"4":9,"5":21,"6":68,"7":44,"8":2},"b":{"0":[1,1]},"meta":{"lastBranch":1,"lastFunction":9,"lastStatement":12,"seen":{"s:3:14:3:Infinity":0,"f:5:16:5:27":0,"s:6:4:6:Infinity":1,"f:9:16:9:37":1,"s:10:4:10:Infinity":2,"s:13:22:43:Infinity":3,"f:14:4:14:9":2,"s:15:8:15:Infinity":4,"f:18:4:18:12":3,"s:19:8:19:Infinity":5,"f:22:4:22:12":4,"s:23:8:23:Infinity":6,"f:26:4:26:10":5,"s:27:8:27:Infinity":7,"f:30:4:30:10":6,"s:31:8:31:Infinity":8,"f:34:4:34:12":7,"s:35:8:35:Infinity":9,"f:38:4:38:10":8,"b:39:8:41:Infinity:undefined:undefined:undefined:undefined":0,"s:39:8:41:Infinity":10,"s:40:12:40:Infinity":11},"fnNames":{}}}
,"/Users/ryox/Documents/GitHub/ryo-engineering-framework/src/utils/packagePath.ts": {"path":"/Users/ryox/Documents/GitHub/ryo-engineering-framework/src/utils/packagePath.ts","statementMap":{"0":{"start":{"line":5,"column":4},"end":{"line":5,"column":null}},"1":{"start":{"line":9,"column":4},"end":{"line":9,"column":null}},"2":{"start":{"line":12,"column":35},"end":{"line":12,"column":null}},"3":{"start":{"line":15,"column":4},"end":{"line":15,"column":null}},"4":{"start":{"line":15,"column":23},"end":{"line":15,"column":null}},"5":{"start":{"line":16,"column":20},"end":{"line":16,"column":null}},"6":{"start":{"line":17,"column":41},"end":{"line":17,"column":null}},"7":{"start":{"line":18,"column":4},"end":{"line":18,"column":null}},"8":{"start":{"line":19,"column":4},"end":{"line":19,"column":null}}},"fnMap":{"0":{"name":"getPackageRoot","decl":{"start":{"line":4,"column":9},"end":{"line":4,"column":34}},"loc":{"start":{"line":4,"column":34},"end":{"line":6,"column":null}},"line":4},"1":{"name":"resolveAsset","decl":{"start":{"line":8,"column":16},"end":{"line":8,"column":29}},"loc":{"start":{"line":8,"column":60},"end":{"line":10,"column":null}},"line":8},"2":{"name":"getPackageVersion","decl":{"start":{"line":14,"column":16},"end":{"line":14,"column":44}},"loc":{"start":{"line":14,"column":44},"end":{"line":20,"column":null}},"line":14}},"branchMap":{"0":{"loc":{"start":{"line":15,"column":4},"end":{"line":15,"column":null}},"type":"if","locations":[{"start":{"line":15,"column":4},"end":{"line":15,"column":null}},{"start":{},"end":{}}],"line":15},"1":{"loc":{"start":{"line":18,"column":27},"end":{"line":18,"column":49}},"type":"binary-expr","locations":[{"start":{"line":18,"column":27},"end":{"line":18,"column":42}},{"start":{"line":18,"column":42},"end":{"line":18,"column":49}}],"line":18}},"s":{"0":11,"1":10,"2":6,"3":1,"4":0,"5":1,"6":1,"7":1,"8":1},"f":{"0":11,"1":10,"2":1},"b":{"0":[0,1],"1":[1,0]},"meta":{"lastBranch":2,"lastFunction":3,"lastStatement":9,"seen":{"f:4:9:4:34":0,"s:5:4:5:Infinity":0,"f:8:16:8:29":1,"s:9:4:9:Infinity":1,"s:12:35:12:Infinity":2,"f:14:16:14:44":2,"b:15:4:15:Infinity:undefined:undefined:undefined:undefined":0,"s:15:4:15:Infinity":3,"s:15:23:15:Infinity":4,"s:16:20:16:Infinity":5,"s:17:41:17:Infinity":6,"s:18:4:18:Infinity":7,"b:18:27:18:42:18:42:18:49":1,"s:19:4:19:Infinity":8},"fnNames":{}}}
,"/Users/ryox/Documents/GitHub/ryo-engineering-framework/src/utils/processTemplates.ts": {"path":"/Users/ryox/Documents/GitHub/ryo-engineering-framework/src/utils/processTemplates.ts","statementMap":{"0":{"start":{"line":9,"column":20},"end":{"line":11,"column":null}},"1":{"start":{"line":13,"column":4},"end":{"line":22,"column":null}},"2":{"start":{"line":15,"column":25},"end":{"line":15,"column":null}},"3":{"start":{"line":17,"column":8},"end":{"line":21,"column":null}},"4":{"start":{"line":18,"column":12},"end":{"line":18,"column":null}},"5":{"start":{"line":20,"column":12},"end":{"line":20,"column":null}}},"fnMap":{"0":{"name":"processTemplates","decl":{"start":{"line":5,"column":16},"end":{"line":5,"column":null}},"loc":{"start":{"line":8,"column":2},"end":{"line":23,"column":null}},"line":8}},"branchMap":{"0":{"loc":{"start":{"line":17,"column":8},"end":{"line":21,"column":null}},"type":"if","locations":[{"start":{"line":17,"column":8},"end":{"line":21,"column":null}},{"start":{"line":19,"column":15},"end":{"line":21,"column":null}}],"line":17}},"s":{"0":5,"1":5,"2":4,"3":4,"4":1,"5":3},"f":{"0":5},"b":{"0":[1,3]},"meta":{"lastBranch":1,"lastFunction":1,"lastStatement":6,"seen":{"f:5:16:5:Infinity":0,"s:9:20:11:Infinity":0,"s:13:4:22:Infinity":1,"s:15:25:15:Infinity":2,"b:17:8:21:Infinity:19:15:21:Infinity":0,"s:17:8:21:Infinity":3,"s:18:12:18:Infinity":4,"s:20:12:20:Infinity":5},"fnNames":{}}}
,"/Users/ryox/Documents/GitHub/ryo-engineering-framework/src/utils/readSkill.ts": {"path":"/Users/ryox/Documents/GitHub/ryo-engineering-framework/src/utils/readSkill.ts","statementMap":{"0":{"start":{"line":6,"column":18},"end":{"line":13,"column":null}},"1":{"start":{"line":15,"column":17},"end":{"line":15,"column":null}},"2":{"start":{"line":17,"column":4},"end":{"line":30,"column":null}},"3":{"start":{"line":19,"column":25},"end":{"line":19,"column":null}},"4":{"start":{"line":21,"column":8},"end":{"line":23,"column":null}},"5":{"start":{"line":22,"column":12},"end":{"line":22,"column":null}},"6":{"start":{"line":25,"column":8},"end":{"line":25,"column":null}},"7":{"start":{"line":27,"column":8},"end":{"line":27,"column":null}},"8":{"start":{"line":29,"column":8},"end":{"line":29,"column":null}},"9":{"start":{"line":32,"column":4},"end":{"line":32,"column":null}}},"fnMap":{"0":{"name":"readSkill","decl":{"start":{"line":4,"column":16},"end":{"line":4,"column":26}},"loc":{"start":{"line":4,"column":48},"end":{"line":33,"column":null}},"line":4}},"branchMap":{"0":{"loc":{"start":{"line":21,"column":8},"end":{"line":23,"column":null}},"type":"if","locations":[{"start":{"line":21,"column":8},"end":{"line":23,"column":null}},{"start":{},"end":{}}],"line":21}},"s":{"0":3,"1":3,"2":3,"3":18,"4":18,"5":15,"6":3,"7":3,"8":3,"9":3},"f":{"0":3},"b":{"0":[15,3]},"meta":{"lastBranch":1,"lastFunction":1,"lastStatement":10,"seen":{"f:4:16:4:26":0,"s:6:18:13:Infinity":0,"s:15:17:15:Infinity":1,"s:17:4:30:Infinity":2,"s:19:25:19:Infinity":3,"b:21:8:23:Infinity:undefined:undefined:undefined:undefined":0,"s:21:8:23:Infinity":4,"s:22:12:22:Infinity":5,"s:25:8:25:Infinity":6,"s:27:8:27:Infinity":7,"s:29:8:29:Infinity":8,"s:32:4:32:Infinity":9},"fnNames":{}}}
,"/Users/ryox/Documents/GitHub/ryo-engineering-framework/src/utils/replacePlaceholders.ts": {"path":"/Users/ryox/Documents/GitHub/ryo-engineering-framework/src/utils/replacePlaceholders.ts","statementMap":{"0":{"start":{"line":7,"column":18},"end":{"line":7,"column":null}},"1":{"start":{"line":9,"column":4},"end":{"line":11,"column":null}},"2":{"start":{"line":10,"column":4},"end":{"line":10,"column":null}},"3":{"start":{"line":13,"column":4},"end":{"line":13,"column":null}}},"fnMap":{"0":{"name":"replacePlaceholders","decl":{"start":{"line":3,"column":16},"end":{"line":3,"column":null}},"loc":{"start":{"line":6,"column":2},"end":{"line":14,"column":null}},"line":6}},"branchMap":{},"s":{"0":3,"1":3,"2":4,"3":3},"f":{"0":3},"b":{},"meta":{"lastBranch":0,"lastFunction":1,"lastStatement":4,"seen":{"f:3:16:3:Infinity":0,"s:7:18:7:Infinity":0,"s:9:4:11:Infinity":1,"s:10:4:10:Infinity":2,"s:13:4:13:Infinity":3},"fnNames":{}}}
,"/Users/ryox/Documents/GitHub/ryo-engineering-framework/src/utils/spinner.ts": {"path":"/Users/ryox/Documents/GitHub/ryo-engineering-framework/src/utils/spinner.ts","statementMap":{"0":{"start":{"line":4,"column":10},"end":{"line":4,"column":null}},"1":{"start":{"line":5,"column":4},"end":{"line":12,"column":null}},"2":{"start":{"line":6,"column":23},"end":{"line":6,"column":null}},"3":{"start":{"line":7,"column":8},"end":{"line":7,"column":null}},"4":{"start":{"line":8,"column":8},"end":{"line":8,"column":null}},"5":{"start":{"line":10,"column":8},"end":{"line":10,"column":null}},"6":{"start":{"line":11,"column":8},"end":{"line":11,"column":null}}},"fnMap":{"0":{"name":"withSpinner","decl":{"start":{"line":3,"column":16},"end":{"line":3,"column":31}},"loc":{"start":{"line":3,"column":64},"end":{"line":13,"column":null}},"line":3}},"branchMap":{},"s":{"0":4,"1":4,"2":4,"3":4,"4":4,"5":1,"6":1},"f":{"0":4},"b":{},"meta":{"lastBranch":0,"lastFunction":1,"lastStatement":7,"seen":{"f:3:16:3:31":0,"s:4:10:4:Infinity":0,"s:5:4:12:Infinity":1,"s:6:23:6:Infinity":2,"s:7:8:7:Infinity":3,"s:8:8:8:Infinity":4,"s:10:8:10:Infinity":5,"s:11:8:11:Infinity":6},"fnNames":{}}}
,"/Users/ryox/Documents/GitHub/ryo-engineering-framework/src/utils/telemetry.ts": {"path":"/Users/ryox/Documents/GitHub/ryo-engineering-framework/src/utils/telemetry.ts","statementMap":{"0":{"start":{"line":5,"column":22},"end":{"line":5,"column":null}},"1":{"start":{"line":6,"column":25},"end":{"line":6,"column":null}},"2":{"start":{"line":7,"column":25},"end":{"line":7,"column":null}},"3":{"start":{"line":16,"column":4},"end":{"line":18,"column":null}},"4":{"start":{"line":17,"column":8},"end":{"line":17,"column":null}},"5":{"start":{"line":22,"column":4},"end":{"line":28,"column":null}},"6":{"start":{"line":23,"column":8},"end":{"line":23,"column":null}},"7":{"start":{"line":23,"column":46},"end":{"line":23,"column":null}},"8":{"start":{"line":24,"column":23},"end":{"line":24,"column":null}},"9":{"start":{"line":25,"column":8},"end":{"line":25,"column":null}},"10":{"start":{"line":27,"column":8},"end":{"line":27,"column":null}},"11":{"start":{"line":32,"column":4},"end":{"line":32,"column":null}},"12":{"start":{"line":32,"column":31},"end":{"line":32,"column":null}},"13":{"start":{"line":34,"column":4},"end":{"line":58,"column":null}},"14":{"start":{"line":35,"column":8},"end":{"line":35,"column":null}},"15":{"start":{"line":37,"column":37},"end":{"line":41,"column":null}},"16":{"start":{"line":43,"column":43},"end":{"line":43,"column":null}},"17":{"start":{"line":44,"column":8},"end":{"line":50,"column":null}},"18":{"start":{"line":45,"column":28},"end":{"line":45,"column":null}},"19":{"start":{"line":46,"column":27},"end":{"line":46,"column":null}},"20":{"start":{"line":47,"column":12},"end":{"line":49,"column":null}},"21":{"start":{"line":48,"column":16},"end":{"line":48,"column":null}},"22":{"start":{"line":52,"column":8},"end":{"line":52,"column":null}},"23":{"start":{"line":54,"column":24},"end":{"line":54,"column":null}},"24":{"start":{"line":55,"column":8},"end":{"line":55,"column":null}},"25":{"start":{"line":62,"column":4},"end":{"line":62,"column":null}},"26":{"start":{"line":63,"column":4},"end":{"line":63,"column":null}},"27":{"start":{"line":67,"column":4},"end":{"line":67,"column":null}},"28":{"start":{"line":68,"column":4},"end":{"line":68,"column":null}}},"fnMap":{"0":{"name":"ensureDir","decl":{"start":{"line":15,"column":9},"end":{"line":15,"column":27}},"loc":{"start":{"line":15,"column":27},"end":{"line":19,"column":null}},"line":15},"1":{"name":"isTelemetryEnabled","decl":{"start":{"line":21,"column":9},"end":{"line":21,"column":39}},"loc":{"start":{"line":21,"column":39},"end":{"line":29,"column":null}},"line":21},"2":{"name":"track","decl":{"start":{"line":31,"column":16},"end":{"line":31,"column":22}},"loc":{"start":{"line":31,"column":80},"end":{"line":59,"column":null}},"line":31},"3":{"name":"optIn","decl":{"start":{"line":61,"column":16},"end":{"line":61,"column":30}},"loc":{"start":{"line":61,"column":30},"end":{"line":64,"column":null}},"line":61},"4":{"name":"optOut","decl":{"start":{"line":66,"column":16},"end":{"line":66,"column":31}},"loc":{"start":{"line":66,"column":31},"end":{"line":69,"column":null}},"line":66}},"branchMap":{"0":{"loc":{"start":{"line":16,"column":4},"end":{"line":18,"column":null}},"type":"if","locations":[{"start":{"line":16,"column":4},"end":{"line":18,"column":null}},{"start":{},"end":{}}],"line":16},"1":{"loc":{"start":{"line":23,"column":8},"end":{"line":23,"column":null}},"type":"if","locations":[{"start":{"line":23,"column":8},"end":{"line":23,"column":null}},{"start":{},"end":{}}],"line":23},"2":{"loc":{"start":{"line":32,"column":4},"end":{"line":32,"column":null}},"type":"if","locations":[{"start":{"line":32,"column":4},"end":{"line":32,"column":null}},{"start":{},"end":{}}],"line":32},"3":{"loc":{"start":{"line":44,"column":8},"end":{"line":50,"column":null}},"type":"if","locations":[{"start":{"line":44,"column":8},"end":{"line":50,"column":null}},{"start":{},"end":{}}],"line":44},"4":{"loc":{"start":{"line":47,"column":12},"end":{"line":49,"column":null}},"type":"if","locations":[{"start":{"line":47,"column":12},"end":{"line":49,"column":null}},{"start":{},"end":{}}],"line":47}},"s":{"0":1,"1":1,"2":1,"3":115,"4":2,"5":107,"6":107,"7":1,"8":106,"9":106,"10":1,"11":107,"12":2,"13":105,"14":105,"15":105,"16":105,"17":105,"18":102,"19":102,"20":102,"21":101,"22":105,"23":105,"24":105,"25":7,"26":7,"27":3,"28":3},"f":{"0":115,"1":107,"2":107,"3":7,"4":3},"b":{"0":[2,113],"1":[1,106],"2":[2,105],"3":[102,3],"4":[101,1]},"meta":{"lastBranch":5,"lastFunction":5,"lastStatement":29,"seen":{"s:5:22:5:Infinity":0,"s:6:25:6:Infinity":1,"s:7:25:7:Infinity":2,"f:15:9:15:27":0,"b:16:4:18:Infinity:undefined:undefined:undefined:undefined":0,"s:16:4:18:Infinity":3,"s:17:8:17:Infinity":4,"f:21:9:21:39":1,"s:22:4:28:Infinity":5,"b:23:8:23:Infinity:undefined:undefined:undefined:undefined":1,"s:23:8:23:Infinity":6,"s:23:46:23:Infinity":7,"s:24:23:24:Infinity":8,"s:25:8:25:Infinity":9,"s:27:8:27:Infinity":10,"f:31:16:31:22":2,"b:32:4:32:Infinity:undefined:undefined:undefined:undefined":2,"s:32:4:32:Infinity":11,"s:32:31:32:Infinity":12,"s:34:4:58:Infinity":13,"s:35:8:35:Infinity":14,"s:37:37:41:Infinity":15,"s:43:43:43:Infinity":16,"b:44:8:50:Infinity:undefined:undefined:undefined:undefined":3,"s:44:8:50:Infinity":17,"s:45:28:45:Infinity":18,"s:46:27:46:Infinity":19,"b:47:12:49:Infinity:undefined:undefined:undefined:undefined":4,"s:47:12:49:Infinity":20,"s:48:16:48:Infinity":21,"s:52:8:52:Infinity":22,"s:54:24:54:Infinity":23,"s:55:8:55:Infinity":24,"f:61:16:61:30":3,"s:62:4:62:Infinity":25,"s:63:4:63:Infinity":26,"f:66:16:66:31":4,"s:67:4:67:Infinity":27,"s:68:4:68:Infinity":28},"fnNames":{}}}
,"/Users/ryox/Documents/GitHub/ryo-engineering-framework/src/utils/validators.ts": {"path":"/Users/ryox/Documents/GitHub/ryo-engineering-framework/src/utils/validators.ts","statementMap":{"0":{"start":{"line":2,"column":4},"end":{"line":2,"column":null}}},"fnMap":{"0":{"name":"isValidName","decl":{"start":{"line":1,"column":16},"end":{"line":1,"column":28}},"loc":{"start":{"line":1,"column":51},"end":{"line":3,"column":null}},"line":1}},"branchMap":{},"s":{"0":4},"f":{"0":4},"b":{},"meta":{"lastBranch":0,"lastFunction":1,"lastStatement":1,"seen":{"f:1:16:1:28":0,"s:2:4:2:Infinity":0},"fnNames":{}}}
,"/Users/ryox/Documents/GitHub/ryo-engineering-framework/tests/helpers/test-utils.ts": {"path":"/Users/ryox/Documents/GitHub/ryo-engineering-framework/tests/helpers/test-utils.ts","statementMap":{"0":{"start":{"line":7,"column":16},"end":{"line":10,"column":null}},"1":{"start":{"line":11,"column":4},"end":{"line":11,"column":null}},"2":{"start":{"line":12,"column":4},"end":{"line":12,"column":null}},"3":{"start":{"line":16,"column":4},"end":{"line":18,"column":null}},"4":{"start":{"line":17,"column":8},"end":{"line":17,"column":null}},"5":{"start":{"line":22,"column":21},"end":{"line":22,"column":null}},"6":{"start":{"line":23,"column":4},"end":{"line":23,"column":null}},"7":{"start":{"line":24,"column":4},"end":{"line":24,"column":null}},"8":{"start":{"line":25,"column":4},"end":{"line":25,"column":null}}},"fnMap":{"0":{"name":"createTempDir","decl":{"start":{"line":6,"column":16},"end":{"line":6,"column":40}},"loc":{"start":{"line":6,"column":40},"end":{"line":13,"column":null}},"line":6},"1":{"name":"cleanupTempDir","decl":{"start":{"line":15,"column":16},"end":{"line":15,"column":31}},"loc":{"start":{"line":15,"column":50},"end":{"line":19,"column":null}},"line":15},"2":{"name":"createMockFile","decl":{"start":{"line":21,"column":16},"end":{"line":21,"column":31}},"loc":{"start":{"line":21,"column":87},"end":{"line":26,"column":null}},"line":21}},"branchMap":{"0":{"loc":{"start":{"line":16,"column":4},"end":{"line":18,"column":null}},"type":"if","locations":[{"start":{"line":16,"column":4},"end":{"line":18,"column":null}},{"start":{},"end":{}}],"line":16}},"s":{"0":20,"1":20,"2":20,"3":17,"4":17,"5":7,"6":7,"7":7,"8":7},"f":{"0":20,"1":17,"2":7},"b":{"0":[17,0]},"meta":{"lastBranch":1,"lastFunction":3,"lastStatement":9,"seen":{"f:6:16:6:40":0,"s:7:16:10:Infinity":0,"s:11:4:11:Infinity":1,"s:12:4:12:Infinity":2,"f:15:16:15:31":1,"b:16:4:18:Infinity:undefined:undefined:undefined:undefined":0,"s:16:4:18:Infinity":3,"s:17:8:17:Infinity":4,"f:21:16:21:31":2,"s:22:21:22:Infinity":5,"s:23:4:23:Infinity":6,"s:24:4:24:Infinity":7,"s:25:4:25:Infinity":8},"fnNames":{}}}
}
